{"D:\\COE\\ATLP\\e-comm-team-techtitans-fn\\src\\App.jsx": {"path":"D:\\COE\\ATLP\\e-comm-team-techtitans-fn\\src\\App.jsx","statementMap":{"0":{"start":{"line":6,"column":28},"end":{"line":6,"column":39}},"1":{"start":{"line":8,"column":2},"end":{"line":12,"column":4}}},"fnMap":{"0":{"name":"App","decl":{"start":{"line":5,"column":9},"end":{"line":5,"column":12}},"loc":{"start":{"line":5,"column":15},"end":{"line":13,"column":1}},"line":5}},"branchMap":{},"s":{"0":0,"1":0},"f":{"0":0},"b":{}}
,"D:\\COE\\ATLP\\e-comm-team-techtitans-fn\\src\\main.jsx": {"path":"D:\\COE\\ATLP\\e-comm-team-techtitans-fn\\src\\main.jsx","statementMap":{"0":{"start":{"line":7,"column":0},"end":{"line":11,"column":2}}},"fnMap":{},"branchMap":{},"s":{"0":0},"f":{},"b":{}}
,"D:\\COE\\ATLP\\e-comm-team-techtitans-fn\\src\\components\\Home.jsx": {"path":"D:\\COE\\ATLP\\e-comm-team-techtitans-fn\\src\\components\\Home.jsx","statementMap":{"0":{"start":{"line":4,"column":2},"end":{"line":6,"column":3}}},"fnMap":{"0":{"name":"Home","decl":{"start":{"line":3,"column":9},"end":{"line":3,"column":13}},"loc":{"start":{"line":3,"column":16},"end":{"line":7,"column":1}},"line":3}},"branchMap":{},"s":{"0":0},"f":{"0":0},"b":{}}
,"D:\\COE\\ATLP\\e-comm-team-techtitans-fn\\src\\components\\Greet\\Greet.js": {"path":"D:\\COE\\ATLP\\e-comm-team-techtitans-fn\\src\\components\\Greet\\Greet.js","statementMap":{"0":{"start":{"line":3,"column":14},"end":{"line":9,"column":1}},"1":{"start":{"line":4,"column":4},"end":{"line":8,"column":6}}},"fnMap":{"0":{"name":"(anonymous_0)","decl":{"start":{"line":3,"column":14},"end":{"line":3,"column":15}},"loc":{"start":{"line":3,"column":20},"end":{"line":9,"column":1}},"line":3}},"branchMap":{},"s":{"0":1,"1":1},"f":{"0":1},"b":{},"_coverageSchema":"1a1c01bbd47fc00a2c39e90264f33305004495a9","hash":"44669672734805ca58322c17d35b0b7037af4a4c"}
,"D:\\COE\\ATLP\\e-comm-team-techtitans-fn\\src\\pages\\Demopage.jsx": {"path":"D:\\COE\\ATLP\\e-comm-team-techtitans-fn\\src\\pages\\Demopage.jsx","statementMap":{"0":{"start":{"line":4,"column":2},"end":{"line":6,"column":3}}},"fnMap":{"0":{"name":"Demopage","decl":{"start":{"line":3,"column":9},"end":{"line":3,"column":17}},"loc":{"start":{"line":3,"column":20},"end":{"line":7,"column":1}},"line":3}},"branchMap":{},"s":{"0":0},"f":{"0":0},"b":{}}
,"D:\\COE\\ATLP\\e-comm-team-techtitans-fn\\src\\routes\\Demoroute.jsx": {"path":"D:\\COE\\ATLP\\e-comm-team-techtitans-fn\\src\\routes\\Demoroute.jsx","statementMap":{"0":{"start":{"line":4,"column":2},"end":{"line":6,"column":3}}},"fnMap":{"0":{"name":"Demoroute","decl":{"start":{"line":3,"column":9},"end":{"line":3,"column":18}},"loc":{"start":{"line":3,"column":21},"end":{"line":7,"column":1}},"line":3}},"branchMap":{},"s":{"0":0},"f":{"0":0},"b":{}}
,"D:\\COE\\ATLP\\e-comm-team-techtitans-fn\\src\\utils\\Demoutils.jsx": {"path":"D:\\COE\\ATLP\\e-comm-team-techtitans-fn\\src\\utils\\Demoutils.jsx","statementMap":{"0":{"start":{"line":4,"column":2},"end":{"line":6,"column":3}}},"fnMap":{"0":{"name":"Demoutils","decl":{"start":{"line":3,"column":9},"end":{"line":3,"column":18}},"loc":{"start":{"line":3,"column":21},"end":{"line":7,"column":1}},"line":3}},"branchMap":{},"s":{"0":0},"f":{"0":0},"b":{}}
}
