{"/Users/virgile/e-comm-team-techtitans-fn/src/App.jsx": {"path":"/Users/virgile/e-comm-team-techtitans-fn/src/App.jsx","statementMap":{"0":{"start":{"line":21,"column":2},"end":{"line":27,"column":4}}},"fnMap":{"0":{"name":"App","decl":{"start":{"line":5,"column":9},"end":{"line":5,"column":12}},"loc":{"start":{"line":5,"column":15},"end":{"line":28,"column":1}},"line":5}},"branchMap":{},"s":{"0":0},"f":{"0":0},"b":{}}
,"/Users/virgile/e-comm-team-techtitans-fn/src/main.jsx": {"path":"/Users/virgile/e-comm-team-techtitans-fn/src/main.jsx","statementMap":{"0":{"start":{"line":9,"column":0},"end":{"line":17,"column":2}}},"fnMap":{},"branchMap":{},"s":{"0":0},"f":{},"b":{}}
,"/Users/virgile/e-comm-team-techtitans-fn/src/Constants/index.js": {"path":"/Users/virgile/e-comm-team-techtitans-fn/src/Constants/index.js","statementMap":{"0":{"start":{"line":1,"column":29},"end":{"line":1,"column":42}},"1":{"start":{"line":2,"column":32},"end":{"line":2,"column":42}},"2":{"start":{"line":3,"column":30},"end":{"line":3,"column":53}},"3":{"start":{"line":4,"column":38},"end":{"line":4,"column":43}}},"fnMap":{},"branchMap":{},"s":{"0":0,"1":0,"2":0,"3":0},"f":{},"b":{}}
,"/Users/virgile/e-comm-team-techtitans-fn/src/Data/dummy.js": {"path":"/Users/virgile/e-comm-team-techtitans-fn/src/Data/dummy.js","statementMap":{"0":{"start":{"line":1,"column":31},"end":{"line":16,"column":1}},"1":{"start":{"line":18,"column":30},"end":{"line":65,"column":1}},"2":{"start":{"line":67,"column":29},"end":{"line":92,"column":1}},"3":{"start":{"line":94,"column":26},"end":{"line":116,"column":1}}},"fnMap":{},"branchMap":{},"s":{"0":0,"1":0,"2":0,"3":0},"f":{},"b":{}}
,"/Users/virgile/e-comm-team-techtitans-fn/src/Redux/api.js": {"path":"/Users/virgile/e-comm-team-techtitans-fn/src/Redux/api.js","statementMap":{"0":{"start":{"line":5,"column":12},"end":{"line":7,"column":2}},"1":{"start":{"line":10,"column":0},"end":{"line":16,"column":3}},"2":{"start":{"line":11,"column":16},"end":{"line":11,"column":50}},"3":{"start":{"line":12,"column":2},"end":{"line":14,"column":3}},"4":{"start":{"line":13,"column":4},"end":{"line":13,"column":50}},"5":{"start":{"line":15,"column":2},"end":{"line":15,"column":13}}},"fnMap":{"0":{"name":"(anonymous_0)","decl":{"start":{"line":10,"column":29},"end":{"line":10,"column":30}},"loc":{"start":{"line":10,"column":38},"end":{"line":16,"column":1}},"line":10}},"branchMap":{"0":{"loc":{"start":{"line":12,"column":2},"end":{"line":14,"column":3}},"type":"if","locations":[{"start":{"line":12,"column":2},"end":{"line":14,"column":3}},{"start":{},"end":{}}],"line":12}},"s":{"0":0,"1":0,"2":0,"3":0,"4":0,"5":0},"f":{"0":0},"b":{"0":[0,0]}}
,"/Users/virgile/e-comm-team-techtitans-fn/src/Redux/API/user.js": {"path":"/Users/virgile/e-comm-team-techtitans-fn/src/Redux/API/user.js","statementMap":{"0":{"start":{"line":2,"column":19},"end":{"line":2,"column":67}},"1":{"start":{"line":3,"column":2},"end":{"line":5,"column":3}},"2":{"start":{"line":4,"column":4},"end":{"line":4,"column":46}},"3":{"start":{"line":6,"column":2},"end":{"line":6,"column":25}}},"fnMap":{"0":{"name":"fetchUsers","decl":{"start":{"line":1,"column":22},"end":{"line":1,"column":32}},"loc":{"start":{"line":1,"column":35},"end":{"line":7,"column":1}},"line":1}},"branchMap":{"0":{"loc":{"start":{"line":3,"column":2},"end":{"line":5,"column":3}},"type":"if","locations":[{"start":{"line":3,"column":2},"end":{"line":5,"column":3}},{"start":{},"end":{}}],"line":3}},"s":{"0":0,"1":0,"2":0,"3":0},"f":{"0":0},"b":{"0":[0,0]}}
,"/Users/virgile/e-comm-team-techtitans-fn/src/Redux/Features/passwordResetSlice.js": {"path":"/Users/virgile/e-comm-team-techtitans-fn/src/Redux/Features/passwordResetSlice.js","statementMap":{"0":{"start":{"line":8,"column":21},"end":{"line":13,"column":1}},"1":{"start":{"line":15,"column":29},"end":{"line":36,"column":1}},"2":{"start":{"line":18,"column":4},"end":{"line":34,"column":5}},"3":{"start":{"line":20,"column":26},"end":{"line":20,"column":67}},"4":{"start":{"line":22,"column":23},"end":{"line":22,"column":59}},"5":{"start":{"line":24,"column":20},"end":{"line":24,"column":39}},"6":{"start":{"line":25,"column":27},"end":{"line":25,"column":44}},"7":{"start":{"line":28,"column":6},"end":{"line":28,"column":75}},"8":{"start":{"line":30,"column":6},"end":{"line":32,"column":37}},"9":{"start":{"line":33,"column":6},"end":{"line":33,"column":58}},"10":{"start":{"line":38,"column":29},"end":{"line":69,"column":1}},"11":{"start":{"line":41,"column":23},"end":{"line":41,"column":68}},"12":{"start":{"line":43,"column":4},"end":{"line":67,"column":5}},"13":{"start":{"line":45,"column":26},"end":{"line":45,"column":76}},"14":{"start":{"line":47,"column":23},"end":{"line":53,"column":8}},"15":{"start":{"line":55,"column":6},"end":{"line":63,"column":7}},"16":{"start":{"line":56,"column":21},"end":{"line":56,"column":42}},"17":{"start":{"line":57,"column":8},"end":{"line":57,"column":20}},"18":{"start":{"line":60,"column":26},"end":{"line":60,"column":47}},"19":{"start":{"line":61,"column":8},"end":{"line":61,"column":39}},"20":{"start":{"line":62,"column":8},"end":{"line":62,"column":50}},"21":{"start":{"line":65,"column":6},"end":{"line":65,"column":69}},"22":{"start":{"line":66,"column":6},"end":{"line":66,"column":80}},"23":{"start":{"line":73,"column":27},"end":{"line":105,"column":2}},"24":{"start":{"line":78,"column":6},"end":{"line":78,"column":43}},"25":{"start":{"line":79,"column":6},"end":{"line":79,"column":41}},"26":{"start":{"line":83,"column":4},"end":{"line":103,"column":9}},"27":{"start":{"line":85,"column":8},"end":{"line":85,"column":38}},"28":{"start":{"line":88,"column":8},"end":{"line":88,"column":33}},"29":{"start":{"line":91,"column":8},"end":{"line":91,"column":32}},"30":{"start":{"line":92,"column":8},"end":{"line":92,"column":37}},"31":{"start":{"line":95,"column":8},"end":{"line":95,"column":38}},"32":{"start":{"line":98,"column":8},"end":{"line":98,"column":33}},"33":{"start":{"line":101,"column":8},"end":{"line":101,"column":32}},"34":{"start":{"line":102,"column":8},"end":{"line":102,"column":37}},"35":{"start":{"line":107,"column":38},"end":{"line":107,"column":64}},"36":{"start":{"line":109,"column":36},"end":{"line":109,"column":62}}},"fnMap":{"0":{"name":"(anonymous_0)","decl":{"start":{"line":17,"column":2},"end":{"line":17,"column":3}},"loc":{"start":{"line":17,"column":49},"end":{"line":35,"column":3}},"line":17},"1":{"name":"(anonymous_1)","decl":{"start":{"line":40,"column":2},"end":{"line":40,"column":3}},"loc":{"start":{"line":40,"column":72},"end":{"line":68,"column":3}},"line":40},"2":{"name":"(anonymous_2)","decl":{"start":{"line":77,"column":24},"end":{"line":77,"column":25}},"loc":{"start":{"line":77,"column":43},"end":{"line":80,"column":5}},"line":77},"3":{"name":"(anonymous_3)","decl":{"start":{"line":82,"column":17},"end":{"line":82,"column":18}},"loc":{"start":{"line":82,"column":30},"end":{"line":104,"column":3}},"line":82},"4":{"name":"(anonymous_4)","decl":{"start":{"line":84,"column":38},"end":{"line":84,"column":39}},"loc":{"start":{"line":84,"column":49},"end":{"line":86,"column":7}},"line":84},"5":{"name":"(anonymous_5)","decl":{"start":{"line":87,"column":40},"end":{"line":87,"column":41}},"loc":{"start":{"line":87,"column":51},"end":{"line":89,"column":7}},"line":87},"6":{"name":"(anonymous_6)","decl":{"start":{"line":90,"column":39},"end":{"line":90,"column":40}},"loc":{"start":{"line":90,"column":58},"end":{"line":93,"column":7}},"line":90},"7":{"name":"(anonymous_7)","decl":{"start":{"line":94,"column":38},"end":{"line":94,"column":39}},"loc":{"start":{"line":94,"column":49},"end":{"line":96,"column":7}},"line":94},"8":{"name":"(anonymous_8)","decl":{"start":{"line":97,"column":40},"end":{"line":97,"column":41}},"loc":{"start":{"line":97,"column":51},"end":{"line":99,"column":7}},"line":97},"9":{"name":"(anonymous_9)","decl":{"start":{"line":100,"column":39},"end":{"line":100,"column":40}},"loc":{"start":{"line":100,"column":58},"end":{"line":103,"column":7}},"line":100}},"branchMap":{"0":{"loc":{"start":{"line":30,"column":6},"end":{"line":32,"column":36}},"type":"cond-expr","locations":[{"start":{"line":31,"column":10},"end":{"line":31,"column":62}},{"start":{"line":32,"column":10},"end":{"line":32,"column":36}}],"line":30},"1":{"loc":{"start":{"line":55,"column":6},"end":{"line":63,"column":7}},"type":"if","locations":[{"start":{"line":55,"column":6},"end":{"line":63,"column":7}},{"start":{"line":58,"column":13},"end":{"line":63,"column":7}}],"line":55}},"s":{"0":0,"1":0,"2":0,"3":0,"4":0,"5":0,"6":0,"7":0,"8":0,"9":0,"10":0,"11":0,"12":0,"13":0,"14":0,"15":0,"16":0,"17":0,"18":0,"19":0,"20":0,"21":0,"22":0,"23":0,"24":0,"25":0,"26":0,"27":0,"28":0,"29":0,"30":0,"31":0,"32":0,"33":0,"34":0,"35":0,"36":0},"f":{"0":0,"1":0,"2":0,"3":0,"4":0,"5":0,"6":0,"7":0,"8":0,"9":0},"b":{"0":[0,0],"1":[0,0]}}
,"/Users/virgile/e-comm-team-techtitans-fn/src/Redux/Features/verifyotp.slice.js": {"path":"/Users/virgile/e-comm-team-techtitans-fn/src/Redux/Features/verifyotp.slice.js","statementMap":{"0":{"start":{"line":5,"column":21},"end":{"line":9,"column":1}},"1":{"start":{"line":11,"column":26},"end":{"line":45,"column":1}},"2":{"start":{"line":14,"column":4},"end":{"line":43,"column":5}},"3":{"start":{"line":15,"column":23},"end":{"line":24,"column":8}},"4":{"start":{"line":25,"column":6},"end":{"line":28,"column":7}},"5":{"start":{"line":26,"column":8},"end":{"line":26,"column":34}},"6":{"start":{"line":27,"column":8},"end":{"line":27,"column":50}},"7":{"start":{"line":29,"column":19},"end":{"line":29,"column":40}},"8":{"start":{"line":30,"column":29},"end":{"line":30,"column":44}},"9":{"start":{"line":31,"column":6},"end":{"line":31,"column":69}},"10":{"start":{"line":32,"column":6},"end":{"line":35,"column":9}},"11":{"start":{"line":36,"column":6},"end":{"line":36,"column":48}},"12":{"start":{"line":37,"column":6},"end":{"line":37,"column":48}},"13":{"start":{"line":38,"column":6},"end":{"line":38,"column":31}},"14":{"start":{"line":39,"column":6},"end":{"line":39,"column":18}},"15":{"start":{"line":40,"column":6},"end":{"line":40,"column":18}},"16":{"start":{"line":42,"column":6},"end":{"line":42,"column":37}},"17":{"start":{"line":47,"column":18},"end":{"line":65,"column":2}},"18":{"start":{"line":51,"column":4},"end":{"line":53,"column":7}},"19":{"start":{"line":52,"column":6},"end":{"line":52,"column":27}},"20":{"start":{"line":54,"column":4},"end":{"line":58,"column":7}},"21":{"start":{"line":55,"column":6},"end":{"line":55,"column":28}},"22":{"start":{"line":56,"column":6},"end":{"line":56,"column":35}},"23":{"start":{"line":57,"column":6},"end":{"line":57,"column":23}},"24":{"start":{"line":59,"column":4},"end":{"line":63,"column":7}},"25":{"start":{"line":60,"column":6},"end":{"line":60,"column":28}},"26":{"start":{"line":61,"column":6},"end":{"line":61,"column":23}},"27":{"start":{"line":62,"column":6},"end":{"line":62,"column":41}}},"fnMap":{"0":{"name":"(anonymous_0)","decl":{"start":{"line":13,"column":2},"end":{"line":13,"column":3}},"loc":{"start":{"line":13,"column":55},"end":{"line":44,"column":3}},"line":13},"1":{"name":"(anonymous_1)","decl":{"start":{"line":50,"column":17},"end":{"line":50,"column":18}},"loc":{"start":{"line":50,"column":30},"end":{"line":64,"column":3}},"line":50},"2":{"name":"(anonymous_2)","decl":{"start":{"line":51,"column":40},"end":{"line":51,"column":41}},"loc":{"start":{"line":51,"column":51},"end":{"line":53,"column":5}},"line":51},"3":{"name":"(anonymous_3)","decl":{"start":{"line":54,"column":42},"end":{"line":54,"column":43}},"loc":{"start":{"line":54,"column":61},"end":{"line":58,"column":5}},"line":54},"4":{"name":"(anonymous_4)","decl":{"start":{"line":59,"column":41},"end":{"line":59,"column":42}},"loc":{"start":{"line":59,"column":60},"end":{"line":63,"column":5}},"line":59}},"branchMap":{"0":{"loc":{"start":{"line":25,"column":6},"end":{"line":28,"column":7}},"type":"if","locations":[{"start":{"line":25,"column":6},"end":{"line":28,"column":7}},{"start":{},"end":{}}],"line":25}},"s":{"0":0,"1":0,"2":0,"3":0,"4":0,"5":0,"6":0,"7":0,"8":0,"9":0,"10":0,"11":0,"12":0,"13":0,"14":0,"15":0,"16":0,"17":0,"18":0,"19":0,"20":0,"21":0,"22":0,"23":0,"24":0,"25":0,"26":0,"27":0},"f":{"0":0,"1":0,"2":0,"3":0,"4":0},"b":{"0":[0,0]}}
,"/Users/virgile/e-comm-team-techtitans-fn/src/Redux/Features/Cart/CartSlice.js": {"path":"/Users/virgile/e-comm-team-techtitans-fn/src/Redux/Features/Cart/CartSlice.js","statementMap":{"0":{"start":{"line":5,"column":32},"end":{"line":26,"column":1}},"1":{"start":{"line":8,"column":4},"end":{"line":24,"column":5}},"2":{"start":{"line":9,"column":24},"end":{"line":9,"column":53}},"3":{"start":{"line":11,"column":21},"end":{"line":15,"column":7}},"4":{"start":{"line":16,"column":23},"end":{"line":20,"column":7}},"5":{"start":{"line":21,"column":6},"end":{"line":21,"column":27}},"6":{"start":{"line":23,"column":6},"end":{"line":23,"column":58}},"7":{"start":{"line":28,"column":30},"end":{"line":51,"column":2}},"8":{"start":{"line":37,"column":4},"end":{"line":49,"column":9}},"9":{"start":{"line":39,"column":8},"end":{"line":39,"column":34}},"10":{"start":{"line":40,"column":8},"end":{"line":40,"column":27}},"11":{"start":{"line":43,"column":8},"end":{"line":43,"column":36}},"12":{"start":{"line":44,"column":8},"end":{"line":44,"column":38}},"13":{"start":{"line":47,"column":8},"end":{"line":47,"column":33}},"14":{"start":{"line":48,"column":8},"end":{"line":48,"column":37}}},"fnMap":{"0":{"name":"(anonymous_0)","decl":{"start":{"line":7,"column":2},"end":{"line":7,"column":3}},"loc":{"start":{"line":7,"column":65},"end":{"line":25,"column":3}},"line":7},"1":{"name":"(anonymous_1)","decl":{"start":{"line":36,"column":17},"end":{"line":36,"column":18}},"loc":{"start":{"line":36,"column":30},"end":{"line":50,"column":3}},"line":36},"2":{"name":"(anonymous_2)","decl":{"start":{"line":38,"column":41},"end":{"line":38,"column":42}},"loc":{"start":{"line":38,"column":52},"end":{"line":41,"column":7}},"line":38},"3":{"name":"(anonymous_3)","decl":{"start":{"line":42,"column":43},"end":{"line":42,"column":44}},"loc":{"start":{"line":42,"column":62},"end":{"line":45,"column":7}},"line":42},"4":{"name":"(anonymous_4)","decl":{"start":{"line":46,"column":42},"end":{"line":46,"column":43}},"loc":{"start":{"line":46,"column":61},"end":{"line":49,"column":7}},"line":46}},"branchMap":{},"s":{"0":0,"1":0,"2":0,"3":0,"4":0,"5":0,"6":0,"7":0,"8":0,"9":0,"10":0,"11":0,"12":0,"13":0,"14":0},"f":{"0":0,"1":0,"2":0,"3":0,"4":0},"b":{}}
,"/Users/virgile/e-comm-team-techtitans-fn/src/Redux/Features/Cart/ClearCartSlice.js": {"path":"/Users/virgile/e-comm-team-techtitans-fn/src/Redux/Features/Cart/ClearCartSlice.js","statementMap":{"0":{"start":{"line":5,"column":25},"end":{"line":24,"column":3}},"1":{"start":{"line":8,"column":6},"end":{"line":22,"column":7}},"2":{"start":{"line":9,"column":26},"end":{"line":9,"column":55}},"3":{"start":{"line":10,"column":23},"end":{"line":14,"column":9}},"4":{"start":{"line":15,"column":25},"end":{"line":18,"column":9}},"5":{"start":{"line":19,"column":8},"end":{"line":19,"column":29}},"6":{"start":{"line":21,"column":8},"end":{"line":21,"column":60}},"7":{"start":{"line":26,"column":25},"end":{"line":49,"column":4}},"8":{"start":{"line":35,"column":6},"end":{"line":47,"column":11}},"9":{"start":{"line":37,"column":10},"end":{"line":37,"column":35}},"10":{"start":{"line":38,"column":10},"end":{"line":38,"column":29}},"11":{"start":{"line":41,"column":10},"end":{"line":41,"column":37}},"12":{"start":{"line":42,"column":10},"end":{"line":42,"column":43}},"13":{"start":{"line":45,"column":10},"end":{"line":45,"column":34}},"14":{"start":{"line":46,"column":10},"end":{"line":46,"column":39}}},"fnMap":{"0":{"name":"(anonymous_0)","decl":{"start":{"line":7,"column":4},"end":{"line":7,"column":5}},"loc":{"start":{"line":7,"column":39},"end":{"line":23,"column":5}},"line":7},"1":{"name":"(anonymous_1)","decl":{"start":{"line":34,"column":19},"end":{"line":34,"column":20}},"loc":{"start":{"line":34,"column":32},"end":{"line":48,"column":5}},"line":34},"2":{"name":"(anonymous_2)","decl":{"start":{"line":36,"column":36},"end":{"line":36,"column":37}},"loc":{"start":{"line":36,"column":47},"end":{"line":39,"column":9}},"line":36},"3":{"name":"(anonymous_3)","decl":{"start":{"line":40,"column":38},"end":{"line":40,"column":39}},"loc":{"start":{"line":40,"column":57},"end":{"line":43,"column":9}},"line":40},"4":{"name":"(anonymous_4)","decl":{"start":{"line":44,"column":37},"end":{"line":44,"column":38}},"loc":{"start":{"line":44,"column":56},"end":{"line":47,"column":9}},"line":44}},"branchMap":{},"s":{"0":0,"1":0,"2":0,"3":0,"4":0,"5":0,"6":0,"7":0,"8":0,"9":0,"10":0,"11":0,"12":0,"13":0,"14":0},"f":{"0":0,"1":0,"2":0,"3":0,"4":0},"b":{}}
,"/Users/virgile/e-comm-team-techtitans-fn/src/Redux/Features/Cart/ViewCartSlice.js": {"path":"/Users/virgile/e-comm-team-techtitans-fn/src/Redux/Features/Cart/ViewCartSlice.js","statementMap":{"0":{"start":{"line":5,"column":31},"end":{"line":25,"column":1}},"1":{"start":{"line":8,"column":4},"end":{"line":23,"column":5}},"2":{"start":{"line":9,"column":24},"end":{"line":9,"column":53}},"3":{"start":{"line":11,"column":21},"end":{"line":15,"column":7}},"4":{"start":{"line":16,"column":23},"end":{"line":19,"column":7}},"5":{"start":{"line":20,"column":6},"end":{"line":20,"column":27}},"6":{"start":{"line":22,"column":6},"end":{"line":22,"column":58}},"7":{"start":{"line":26,"column":29},"end":{"line":59,"column":2}},"8":{"start":{"line":36,"column":6},"end":{"line":41,"column":9}},"9":{"start":{"line":37,"column":8},"end":{"line":39,"column":9}},"10":{"start":{"line":38,"column":10},"end":{"line":38,"column":26}},"11":{"start":{"line":40,"column":8},"end":{"line":40,"column":20}},"12":{"start":{"line":45,"column":4},"end":{"line":57,"column":9}},"13":{"start":{"line":47,"column":8},"end":{"line":47,"column":34}},"14":{"start":{"line":48,"column":8},"end":{"line":48,"column":27}},"15":{"start":{"line":51,"column":8},"end":{"line":51,"column":36}},"16":{"start":{"line":52,"column":8},"end":{"line":52,"column":40}},"17":{"start":{"line":55,"column":8},"end":{"line":55,"column":33}},"18":{"start":{"line":56,"column":8},"end":{"line":56,"column":37}},"19":{"start":{"line":60,"column":33},"end":{"line":60,"column":61}}},"fnMap":{"0":{"name":"(anonymous_0)","decl":{"start":{"line":7,"column":2},"end":{"line":7,"column":3}},"loc":{"start":{"line":7,"column":36},"end":{"line":24,"column":3}},"line":7},"1":{"name":"(anonymous_1)","decl":{"start":{"line":35,"column":4},"end":{"line":35,"column":5}},"loc":{"start":{"line":35,"column":33},"end":{"line":42,"column":5}},"line":35},"2":{"name":"(anonymous_2)","decl":{"start":{"line":36,"column":42},"end":{"line":36,"column":43}},"loc":{"start":{"line":36,"column":52},"end":{"line":41,"column":7}},"line":36},"3":{"name":"(anonymous_3)","decl":{"start":{"line":44,"column":17},"end":{"line":44,"column":18}},"loc":{"start":{"line":44,"column":30},"end":{"line":58,"column":3}},"line":44},"4":{"name":"(anonymous_4)","decl":{"start":{"line":46,"column":40},"end":{"line":46,"column":41}},"loc":{"start":{"line":46,"column":51},"end":{"line":49,"column":7}},"line":46},"5":{"name":"(anonymous_5)","decl":{"start":{"line":50,"column":42},"end":{"line":50,"column":43}},"loc":{"start":{"line":50,"column":61},"end":{"line":53,"column":7}},"line":50},"6":{"name":"(anonymous_6)","decl":{"start":{"line":54,"column":41},"end":{"line":54,"column":42}},"loc":{"start":{"line":54,"column":60},"end":{"line":57,"column":7}},"line":54}},"branchMap":{"0":{"loc":{"start":{"line":37,"column":8},"end":{"line":39,"column":9}},"type":"if","locations":[{"start":{"line":37,"column":8},"end":{"line":39,"column":9}},{"start":{},"end":{}}],"line":37}},"s":{"0":0,"1":0,"2":0,"3":0,"4":0,"5":0,"6":0,"7":0,"8":0,"9":0,"10":0,"11":0,"12":0,"13":0,"14":0,"15":0,"16":0,"17":0,"18":0,"19":0},"f":{"0":0,"1":0,"2":0,"3":0,"4":0,"5":0,"6":0},"b":{"0":[0,0]}}
,"/Users/virgile/e-comm-team-techtitans-fn/src/Redux/Features/Dashboard/productsServices.js": {"path":"/Users/virgile/e-comm-team-techtitans-fn/src/Redux/Features/Dashboard/productsServices.js","statementMap":{"0":{"start":{"line":5,"column":20},"end":{"line":9,"column":1}},"1":{"start":{"line":6,"column":19},"end":{"line":6,"column":74}},"2":{"start":{"line":8,"column":2},"end":{"line":8,"column":30}},"3":{"start":{"line":11,"column":25},"end":{"line":17,"column":1}},"4":{"start":{"line":12,"column":19},"end":{"line":14,"column":3}},"5":{"start":{"line":16,"column":2},"end":{"line":16,"column":30}},"6":{"start":{"line":19,"column":25},"end":{"line":19,"column":58}}},"fnMap":{"0":{"name":"(anonymous_0)","decl":{"start":{"line":5,"column":20},"end":{"line":5,"column":21}},"loc":{"start":{"line":5,"column":32},"end":{"line":9,"column":1}},"line":5},"1":{"name":"(anonymous_1)","decl":{"start":{"line":11,"column":25},"end":{"line":11,"column":26}},"loc":{"start":{"line":11,"column":39},"end":{"line":17,"column":1}},"line":11}},"branchMap":{},"s":{"0":0,"1":0,"2":0,"3":0,"4":0,"5":0,"6":0},"f":{"0":0,"1":0},"b":{}}
,"/Users/virgile/e-comm-team-techtitans-fn/src/Redux/Features/Dashboard/productsSlice.js": {"path":"/Users/virgile/e-comm-team-techtitans-fn/src/Redux/Features/Dashboard/productsSlice.js","statementMap":{"0":{"start":{"line":4,"column":21},"end":{"line":10,"column":1}},"1":{"start":{"line":12,"column":28},"end":{"line":17,"column":1}},"2":{"start":{"line":20,"column":27},"end":{"line":35,"column":1}},"3":{"start":{"line":23,"column":4},"end":{"line":33,"column":5}},"4":{"start":{"line":24,"column":6},"end":{"line":24,"column":50}},"5":{"start":{"line":27,"column":6},"end":{"line":31,"column":7}},"6":{"start":{"line":28,"column":8},"end":{"line":28,"column":77}},"7":{"start":{"line":29,"column":13},"end":{"line":31,"column":7}},"8":{"start":{"line":30,"column":8},"end":{"line":30,"column":46}},"9":{"start":{"line":32,"column":6},"end":{"line":32,"column":47}},"10":{"start":{"line":39,"column":29},"end":{"line":69,"column":2}},"11":{"start":{"line":43,"column":17},"end":{"line":43,"column":36}},"12":{"start":{"line":46,"column":4},"end":{"line":67,"column":9}},"13":{"start":{"line":48,"column":8},"end":{"line":48,"column":31}},"14":{"start":{"line":49,"column":8},"end":{"line":49,"column":32}},"15":{"start":{"line":50,"column":8},"end":{"line":50,"column":30}},"16":{"start":{"line":51,"column":8},"end":{"line":51,"column":27}},"17":{"start":{"line":52,"column":8},"end":{"line":52,"column":28}},"18":{"start":{"line":55,"column":8},"end":{"line":55,"column":32}},"19":{"start":{"line":56,"column":8},"end":{"line":56,"column":31}},"20":{"start":{"line":57,"column":8},"end":{"line":57,"column":30}},"21":{"start":{"line":58,"column":8},"end":{"line":58,"column":33}},"22":{"start":{"line":59,"column":8},"end":{"line":59,"column":27}},"23":{"start":{"line":62,"column":8},"end":{"line":62,"column":32}},"24":{"start":{"line":63,"column":8},"end":{"line":63,"column":29}},"25":{"start":{"line":64,"column":8},"end":{"line":64,"column":32}},"26":{"start":{"line":65,"column":8},"end":{"line":65,"column":32}},"27":{"start":{"line":66,"column":8},"end":{"line":66,"column":28}},"28":{"start":{"line":73,"column":25},"end":{"line":73,"column":46}}},"fnMap":{"0":{"name":"(anonymous_0)","decl":{"start":{"line":22,"column":2},"end":{"line":22,"column":3}},"loc":{"start":{"line":22,"column":25},"end":{"line":34,"column":3}},"line":22},"1":{"name":"(anonymous_1)","decl":{"start":{"line":43,"column":11},"end":{"line":43,"column":12}},"loc":{"start":{"line":43,"column":17},"end":{"line":43,"column":36}},"line":43},"2":{"name":"(anonymous_2)","decl":{"start":{"line":45,"column":17},"end":{"line":45,"column":18}},"loc":{"start":{"line":45,"column":30},"end":{"line":68,"column":3}},"line":45},"3":{"name":"(anonymous_3)","decl":{"start":{"line":47,"column":36},"end":{"line":47,"column":37}},"loc":{"start":{"line":47,"column":47},"end":{"line":53,"column":7}},"line":47},"4":{"name":"(anonymous_4)","decl":{"start":{"line":54,"column":38},"end":{"line":54,"column":39}},"loc":{"start":{"line":54,"column":62},"end":{"line":60,"column":7}},"line":54},"5":{"name":"(anonymous_5)","decl":{"start":{"line":61,"column":37},"end":{"line":61,"column":38}},"loc":{"start":{"line":61,"column":61},"end":{"line":67,"column":7}},"line":61}},"branchMap":{"0":{"loc":{"start":{"line":27,"column":6},"end":{"line":31,"column":7}},"type":"if","locations":[{"start":{"line":27,"column":6},"end":{"line":31,"column":7}},{"start":{"line":29,"column":13},"end":{"line":31,"column":7}}],"line":27},"1":{"loc":{"start":{"line":29,"column":13},"end":{"line":31,"column":7}},"type":"if","locations":[{"start":{"line":29,"column":13},"end":{"line":31,"column":7}},{"start":{},"end":{}}],"line":29}},"s":{"0":0,"1":0,"2":0,"3":0,"4":0,"5":0,"6":0,"7":0,"8":0,"9":0,"10":0,"11":0,"12":0,"13":0,"14":0,"15":0,"16":0,"17":0,"18":0,"19":0,"20":0,"21":0,"22":0,"23":0,"24":0,"25":0,"26":0,"27":0,"28":0},"f":{"0":0,"1":0,"2":0,"3":0,"4":0,"5":0},"b":{"0":[0,0],"1":[0,0]}}
,"/Users/virgile/e-comm-team-techtitans-fn/src/Redux/Features/Dashboard/singleProductSlice.js": {"path":"/Users/virgile/e-comm-team-techtitans-fn/src/Redux/Features/Dashboard/singleProductSlice.js","statementMap":{"0":{"start":{"line":6,"column":21},"end":{"line":12,"column":1}},"1":{"start":{"line":14,"column":28},"end":{"line":19,"column":1}},"2":{"start":{"line":24,"column":32},"end":{"line":36,"column":1}},"3":{"start":{"line":27,"column":4},"end":{"line":34,"column":5}},"4":{"start":{"line":28,"column":23},"end":{"line":30,"column":7}},"5":{"start":{"line":31,"column":6},"end":{"line":31,"column":27}},"6":{"start":{"line":33,"column":6},"end":{"line":33,"column":51}},"7":{"start":{"line":39,"column":34},"end":{"line":69,"column":2}},"8":{"start":{"line":43,"column":17},"end":{"line":43,"column":36}},"9":{"start":{"line":46,"column":4},"end":{"line":67,"column":9}},"10":{"start":{"line":48,"column":8},"end":{"line":48,"column":31}},"11":{"start":{"line":49,"column":8},"end":{"line":49,"column":32}},"12":{"start":{"line":50,"column":8},"end":{"line":50,"column":30}},"13":{"start":{"line":51,"column":8},"end":{"line":51,"column":27}},"14":{"start":{"line":52,"column":8},"end":{"line":52,"column":33}},"15":{"start":{"line":55,"column":8},"end":{"line":55,"column":32}},"16":{"start":{"line":56,"column":8},"end":{"line":56,"column":31}},"17":{"start":{"line":57,"column":8},"end":{"line":57,"column":30}},"18":{"start":{"line":58,"column":8},"end":{"line":58,"column":38}},"19":{"start":{"line":59,"column":8},"end":{"line":59,"column":27}},"20":{"start":{"line":62,"column":8},"end":{"line":62,"column":32}},"21":{"start":{"line":63,"column":8},"end":{"line":63,"column":29}},"22":{"start":{"line":64,"column":8},"end":{"line":64,"column":32}},"23":{"start":{"line":65,"column":8},"end":{"line":65,"column":32}},"24":{"start":{"line":66,"column":8},"end":{"line":66,"column":33}},"25":{"start":{"line":73,"column":25},"end":{"line":73,"column":51}}},"fnMap":{"0":{"name":"(anonymous_0)","decl":{"start":{"line":26,"column":2},"end":{"line":26,"column":3}},"loc":{"start":{"line":26,"column":37},"end":{"line":35,"column":3}},"line":26},"1":{"name":"(anonymous_1)","decl":{"start":{"line":43,"column":11},"end":{"line":43,"column":12}},"loc":{"start":{"line":43,"column":17},"end":{"line":43,"column":36}},"line":43},"2":{"name":"(anonymous_2)","decl":{"start":{"line":45,"column":17},"end":{"line":45,"column":18}},"loc":{"start":{"line":45,"column":30},"end":{"line":68,"column":3}},"line":45},"3":{"name":"(anonymous_3)","decl":{"start":{"line":47,"column":41},"end":{"line":47,"column":42}},"loc":{"start":{"line":47,"column":52},"end":{"line":53,"column":7}},"line":47},"4":{"name":"(anonymous_4)","decl":{"start":{"line":54,"column":43},"end":{"line":54,"column":44}},"loc":{"start":{"line":54,"column":67},"end":{"line":60,"column":7}},"line":54},"5":{"name":"(anonymous_5)","decl":{"start":{"line":61,"column":42},"end":{"line":61,"column":43}},"loc":{"start":{"line":61,"column":66},"end":{"line":67,"column":7}},"line":61}},"branchMap":{},"s":{"0":0,"1":0,"2":0,"3":0,"4":0,"5":0,"6":0,"7":0,"8":0,"9":0,"10":0,"11":0,"12":0,"13":0,"14":0,"15":0,"16":0,"17":0,"18":0,"19":0,"20":0,"21":0,"22":0,"23":0,"24":0,"25":0},"f":{"0":0,"1":0,"2":0,"3":0,"4":0,"5":0},"b":{}}
,"/Users/virgile/e-comm-team-techtitans-fn/src/Redux/Features/Notification/GetOneNotificationSlice.js": {"path":"/Users/virgile/e-comm-team-techtitans-fn/src/Redux/Features/Notification/GetOneNotificationSlice.js","statementMap":{"0":{"start":{"line":5,"column":34},"end":{"line":27,"column":1}},"1":{"start":{"line":8,"column":4},"end":{"line":25,"column":5}},"2":{"start":{"line":9,"column":20},"end":{"line":9,"column":49}},"3":{"start":{"line":10,"column":6},"end":{"line":10,"column":41}},"4":{"start":{"line":11,"column":21},"end":{"line":15,"column":7}},"5":{"start":{"line":17,"column":23},"end":{"line":21,"column":7}},"6":{"start":{"line":22,"column":6},"end":{"line":22,"column":27}},"7":{"start":{"line":24,"column":6},"end":{"line":24,"column":58}},"8":{"start":{"line":29,"column":32},"end":{"line":53,"column":2}},"9":{"start":{"line":38,"column":4},"end":{"line":51,"column":9}},"10":{"start":{"line":40,"column":8},"end":{"line":40,"column":33}},"11":{"start":{"line":41,"column":8},"end":{"line":41,"column":27}},"12":{"start":{"line":44,"column":8},"end":{"line":44,"column":35}},"13":{"start":{"line":45,"column":8},"end":{"line":45,"column":47}},"14":{"start":{"line":48,"column":8},"end":{"line":48,"column":31}},"15":{"start":{"line":49,"column":8},"end":{"line":49,"column":32}},"16":{"start":{"line":50,"column":8},"end":{"line":50,"column":47}}},"fnMap":{"0":{"name":"(anonymous_0)","decl":{"start":{"line":7,"column":2},"end":{"line":7,"column":3}},"loc":{"start":{"line":7,"column":16},"end":{"line":26,"column":3}},"line":7},"1":{"name":"(anonymous_1)","decl":{"start":{"line":37,"column":17},"end":{"line":37,"column":18}},"loc":{"start":{"line":37,"column":30},"end":{"line":52,"column":3}},"line":37},"2":{"name":"(anonymous_2)","decl":{"start":{"line":39,"column":43},"end":{"line":39,"column":44}},"loc":{"start":{"line":39,"column":54},"end":{"line":42,"column":7}},"line":39},"3":{"name":"(anonymous_3)","decl":{"start":{"line":43,"column":45},"end":{"line":43,"column":46}},"loc":{"start":{"line":43,"column":64},"end":{"line":46,"column":7}},"line":43},"4":{"name":"(anonymous_4)","decl":{"start":{"line":47,"column":44},"end":{"line":47,"column":45}},"loc":{"start":{"line":47,"column":63},"end":{"line":51,"column":7}},"line":47}},"branchMap":{},"s":{"0":0,"1":0,"2":0,"3":0,"4":0,"5":0,"6":0,"7":0,"8":0,"9":0,"10":0,"11":0,"12":0,"13":0,"14":0,"15":0,"16":0},"f":{"0":0,"1":0,"2":0,"3":0,"4":0},"b":{}}
,"/Users/virgile/e-comm-team-techtitans-fn/src/Redux/Features/Notification/NotificationSlice.js": {"path":"/Users/virgile/e-comm-team-techtitans-fn/src/Redux/Features/Notification/NotificationSlice.js","statementMap":{"0":{"start":{"line":6,"column":31},"end":{"line":24,"column":1}},"1":{"start":{"line":9,"column":4},"end":{"line":22,"column":5}},"2":{"start":{"line":10,"column":20},"end":{"line":10,"column":49}},"3":{"start":{"line":12,"column":21},"end":{"line":16,"column":7}},"4":{"start":{"line":18,"column":23},"end":{"line":18,"column":92}},"5":{"start":{"line":19,"column":6},"end":{"line":19,"column":27}},"6":{"start":{"line":21,"column":6},"end":{"line":21,"column":58}},"7":{"start":{"line":28,"column":29},"end":{"line":52,"column":2}},"8":{"start":{"line":37,"column":4},"end":{"line":50,"column":9}},"9":{"start":{"line":39,"column":8},"end":{"line":39,"column":33}},"10":{"start":{"line":40,"column":8},"end":{"line":40,"column":27}},"11":{"start":{"line":43,"column":8},"end":{"line":43,"column":35}},"12":{"start":{"line":44,"column":8},"end":{"line":44,"column":47}},"13":{"start":{"line":47,"column":8},"end":{"line":47,"column":31}},"14":{"start":{"line":48,"column":8},"end":{"line":48,"column":32}},"15":{"start":{"line":49,"column":8},"end":{"line":49,"column":46}}},"fnMap":{"0":{"name":"(anonymous_0)","decl":{"start":{"line":8,"column":2},"end":{"line":8,"column":3}},"loc":{"start":{"line":8,"column":35},"end":{"line":23,"column":3}},"line":8},"1":{"name":"(anonymous_1)","decl":{"start":{"line":36,"column":17},"end":{"line":36,"column":18}},"loc":{"start":{"line":36,"column":30},"end":{"line":51,"column":3}},"line":36},"2":{"name":"(anonymous_2)","decl":{"start":{"line":38,"column":40},"end":{"line":38,"column":41}},"loc":{"start":{"line":38,"column":51},"end":{"line":41,"column":7}},"line":38},"3":{"name":"(anonymous_3)","decl":{"start":{"line":42,"column":42},"end":{"line":42,"column":43}},"loc":{"start":{"line":42,"column":61},"end":{"line":45,"column":7}},"line":42},"4":{"name":"(anonymous_4)","decl":{"start":{"line":46,"column":41},"end":{"line":46,"column":42}},"loc":{"start":{"line":46,"column":60},"end":{"line":50,"column":7}},"line":46}},"branchMap":{},"s":{"0":0,"1":0,"2":0,"3":0,"4":0,"5":0,"6":0,"7":0,"8":0,"9":0,"10":0,"11":0,"12":0,"13":0,"14":0,"15":0},"f":{"0":0,"1":0,"2":0,"3":0,"4":0},"b":{}}
,"/Users/virgile/e-comm-team-techtitans-fn/src/Redux/Features/Order/buyerOrder.slice.js": {"path":"/Users/virgile/e-comm-team-techtitans-fn/src/Redux/Features/Order/buyerOrder.slice.js","statementMap":{"0":{"start":{"line":6,"column":32},"end":{"line":29,"column":1}},"1":{"start":{"line":9,"column":4},"end":{"line":27,"column":5}},"2":{"start":{"line":10,"column":24},"end":{"line":10,"column":53}},"3":{"start":{"line":11,"column":21},"end":{"line":15,"column":7}},"4":{"start":{"line":16,"column":23},"end":{"line":20,"column":7}},"5":{"start":{"line":21,"column":6},"end":{"line":21,"column":63}},"6":{"start":{"line":22,"column":6},"end":{"line":24,"column":8}},"7":{"start":{"line":26,"column":6},"end":{"line":26,"column":58}},"8":{"start":{"line":31,"column":24},"end":{"line":51,"column":2}},"9":{"start":{"line":40,"column":6},"end":{"line":40,"column":36}},"10":{"start":{"line":43,"column":6},"end":{"line":43,"column":41}},"11":{"start":{"line":44,"column":6},"end":{"line":44,"column":31}},"12":{"start":{"line":47,"column":6},"end":{"line":47,"column":35}},"13":{"start":{"line":48,"column":6},"end":{"line":48,"column":30}}},"fnMap":{"0":{"name":"(anonymous_0)","decl":{"start":{"line":8,"column":2},"end":{"line":8,"column":3}},"loc":{"start":{"line":8,"column":46},"end":{"line":28,"column":3}},"line":8},"1":{"name":"(anonymous_1)","decl":{"start":{"line":39,"column":32},"end":{"line":39,"column":33}},"loc":{"start":{"line":39,"column":43},"end":{"line":41,"column":5}},"line":39},"2":{"name":"(anonymous_2)","decl":{"start":{"line":42,"column":34},"end":{"line":42,"column":35}},"loc":{"start":{"line":42,"column":53},"end":{"line":45,"column":5}},"line":42},"3":{"name":"(anonymous_3)","decl":{"start":{"line":46,"column":33},"end":{"line":46,"column":34}},"loc":{"start":{"line":46,"column":52},"end":{"line":49,"column":5}},"line":46}},"branchMap":{},"s":{"0":0,"1":0,"2":0,"3":0,"4":0,"5":0,"6":0,"7":0,"8":0,"9":0,"10":0,"11":0,"12":0,"13":0},"f":{"0":0,"1":0,"2":0,"3":0},"b":{}}
,"/Users/virgile/e-comm-team-techtitans-fn/src/Redux/Features/Order/deleteOrder.slice.js": {"path":"/Users/virgile/e-comm-team-techtitans-fn/src/Redux/Features/Order/deleteOrder.slice.js","statementMap":{"0":{"start":{"line":5,"column":32},"end":{"line":28,"column":1}},"1":{"start":{"line":8,"column":4},"end":{"line":26,"column":5}},"2":{"start":{"line":9,"column":24},"end":{"line":9,"column":53}},"3":{"start":{"line":10,"column":22},"end":{"line":14,"column":7}},"4":{"start":{"line":15,"column":23},"end":{"line":18,"column":7}},"5":{"start":{"line":19,"column":6},"end":{"line":19,"column":55}},"6":{"start":{"line":20,"column":6},"end":{"line":22,"column":8}},"7":{"start":{"line":24,"column":6},"end":{"line":24,"column":70}},"8":{"start":{"line":25,"column":6},"end":{"line":25,"column":58}},"9":{"start":{"line":30,"column":25},"end":{"line":50,"column":2}},"10":{"start":{"line":39,"column":6},"end":{"line":39,"column":36}},"11":{"start":{"line":42,"column":6},"end":{"line":42,"column":46}},"12":{"start":{"line":43,"column":6},"end":{"line":43,"column":31}},"13":{"start":{"line":46,"column":6},"end":{"line":46,"column":35}},"14":{"start":{"line":47,"column":6},"end":{"line":47,"column":30}}},"fnMap":{"0":{"name":"(anonymous_0)","decl":{"start":{"line":7,"column":2},"end":{"line":7,"column":3}},"loc":{"start":{"line":7,"column":41},"end":{"line":27,"column":3}},"line":7},"1":{"name":"(anonymous_1)","decl":{"start":{"line":38,"column":32},"end":{"line":38,"column":33}},"loc":{"start":{"line":38,"column":43},"end":{"line":40,"column":5}},"line":38},"2":{"name":"(anonymous_2)","decl":{"start":{"line":41,"column":34},"end":{"line":41,"column":35}},"loc":{"start":{"line":41,"column":53},"end":{"line":44,"column":5}},"line":41},"3":{"name":"(anonymous_3)","decl":{"start":{"line":45,"column":33},"end":{"line":45,"column":34}},"loc":{"start":{"line":45,"column":52},"end":{"line":48,"column":5}},"line":45}},"branchMap":{},"s":{"0":0,"1":0,"2":0,"3":0,"4":0,"5":0,"6":0,"7":0,"8":0,"9":0,"10":0,"11":0,"12":0,"13":0,"14":0},"f":{"0":0,"1":0,"2":0,"3":0},"b":{}}
,"/Users/virgile/e-comm-team-techtitans-fn/src/Redux/Features/Order/getOrder.slice.js": {"path":"/Users/virgile/e-comm-team-techtitans-fn/src/Redux/Features/Order/getOrder.slice.js","statementMap":{"0":{"start":{"line":6,"column":24},"end":{"line":27,"column":1}},"1":{"start":{"line":9,"column":4},"end":{"line":25,"column":5}},"2":{"start":{"line":10,"column":24},"end":{"line":10,"column":53}},"3":{"start":{"line":11,"column":21},"end":{"line":15,"column":7}},"4":{"start":{"line":16,"column":23},"end":{"line":19,"column":7}},"5":{"start":{"line":20,"column":6},"end":{"line":22,"column":8}},"6":{"start":{"line":24,"column":6},"end":{"line":24,"column":58}},"7":{"start":{"line":28,"column":35},"end":{"line":54,"column":1}},"8":{"start":{"line":31,"column":4},"end":{"line":52,"column":5}},"9":{"start":{"line":32,"column":24},"end":{"line":32,"column":53}},"10":{"start":{"line":33,"column":21},"end":{"line":37,"column":7}},"11":{"start":{"line":38,"column":23},"end":{"line":42,"column":7}},"12":{"start":{"line":43,"column":6},"end":{"line":46,"column":8}},"13":{"start":{"line":47,"column":6},"end":{"line":49,"column":8}},"14":{"start":{"line":51,"column":6},"end":{"line":51,"column":58}},"15":{"start":{"line":56,"column":25},"end":{"line":87,"column":2}},"16":{"start":{"line":65,"column":6},"end":{"line":65,"column":36}},"17":{"start":{"line":68,"column":6},"end":{"line":68,"column":35}},"18":{"start":{"line":69,"column":6},"end":{"line":69,"column":31}},"19":{"start":{"line":72,"column":6},"end":{"line":72,"column":35}},"20":{"start":{"line":73,"column":6},"end":{"line":73,"column":30}},"21":{"start":{"line":76,"column":6},"end":{"line":76,"column":36}},"22":{"start":{"line":79,"column":6},"end":{"line":79,"column":35}},"23":{"start":{"line":80,"column":6},"end":{"line":80,"column":31}},"24":{"start":{"line":83,"column":6},"end":{"line":83,"column":35}},"25":{"start":{"line":84,"column":6},"end":{"line":84,"column":30}}},"fnMap":{"0":{"name":"(anonymous_0)","decl":{"start":{"line":8,"column":2},"end":{"line":8,"column":3}},"loc":{"start":{"line":8,"column":37},"end":{"line":26,"column":3}},"line":8},"1":{"name":"(anonymous_1)","decl":{"start":{"line":30,"column":2},"end":{"line":30,"column":3}},"loc":{"start":{"line":30,"column":45},"end":{"line":53,"column":3}},"line":30},"2":{"name":"(anonymous_2)","decl":{"start":{"line":64,"column":24},"end":{"line":64,"column":25}},"loc":{"start":{"line":64,"column":35},"end":{"line":66,"column":5}},"line":64},"3":{"name":"(anonymous_3)","decl":{"start":{"line":67,"column":26},"end":{"line":67,"column":27}},"loc":{"start":{"line":67,"column":45},"end":{"line":70,"column":5}},"line":67},"4":{"name":"(anonymous_4)","decl":{"start":{"line":71,"column":25},"end":{"line":71,"column":26}},"loc":{"start":{"line":71,"column":44},"end":{"line":74,"column":5}},"line":71},"5":{"name":"(anonymous_5)","decl":{"start":{"line":75,"column":35},"end":{"line":75,"column":36}},"loc":{"start":{"line":75,"column":46},"end":{"line":77,"column":5}},"line":75},"6":{"name":"(anonymous_6)","decl":{"start":{"line":78,"column":37},"end":{"line":78,"column":38}},"loc":{"start":{"line":78,"column":56},"end":{"line":81,"column":5}},"line":78},"7":{"name":"(anonymous_7)","decl":{"start":{"line":82,"column":36},"end":{"line":82,"column":37}},"loc":{"start":{"line":82,"column":55},"end":{"line":85,"column":5}},"line":82}},"branchMap":{},"s":{"0":0,"1":0,"2":0,"3":0,"4":0,"5":0,"6":0,"7":0,"8":0,"9":0,"10":0,"11":0,"12":0,"13":0,"14":0,"15":0,"16":0,"17":0,"18":0,"19":0,"20":0,"21":0,"22":0,"23":0,"24":0,"25":0},"f":{"0":0,"1":0,"2":0,"3":0,"4":0,"5":0,"6":0,"7":0},"b":{}}
,"/Users/virgile/e-comm-team-techtitans-fn/src/Redux/Features/Order/sellerOrder.slice.js": {"path":"/Users/virgile/e-comm-team-techtitans-fn/src/Redux/Features/Order/sellerOrder.slice.js","statementMap":{"0":{"start":{"line":6,"column":33},"end":{"line":29,"column":1}},"1":{"start":{"line":9,"column":4},"end":{"line":27,"column":5}},"2":{"start":{"line":10,"column":24},"end":{"line":10,"column":53}},"3":{"start":{"line":11,"column":21},"end":{"line":15,"column":7}},"4":{"start":{"line":16,"column":23},"end":{"line":20,"column":7}},"5":{"start":{"line":21,"column":6},"end":{"line":21,"column":63}},"6":{"start":{"line":22,"column":6},"end":{"line":24,"column":8}},"7":{"start":{"line":26,"column":6},"end":{"line":26,"column":58}},"8":{"start":{"line":31,"column":19},"end":{"line":51,"column":2}},"9":{"start":{"line":40,"column":6},"end":{"line":40,"column":36}},"10":{"start":{"line":43,"column":6},"end":{"line":43,"column":36}},"11":{"start":{"line":44,"column":6},"end":{"line":44,"column":31}},"12":{"start":{"line":47,"column":6},"end":{"line":47,"column":35}},"13":{"start":{"line":48,"column":6},"end":{"line":48,"column":30}}},"fnMap":{"0":{"name":"(anonymous_0)","decl":{"start":{"line":8,"column":2},"end":{"line":8,"column":3}},"loc":{"start":{"line":8,"column":41},"end":{"line":28,"column":3}},"line":8},"1":{"name":"(anonymous_1)","decl":{"start":{"line":39,"column":33},"end":{"line":39,"column":34}},"loc":{"start":{"line":39,"column":44},"end":{"line":41,"column":5}},"line":39},"2":{"name":"(anonymous_2)","decl":{"start":{"line":42,"column":35},"end":{"line":42,"column":36}},"loc":{"start":{"line":42,"column":54},"end":{"line":45,"column":5}},"line":42},"3":{"name":"(anonymous_3)","decl":{"start":{"line":46,"column":34},"end":{"line":46,"column":35}},"loc":{"start":{"line":46,"column":53},"end":{"line":49,"column":5}},"line":46}},"branchMap":{},"s":{"0":0,"1":0,"2":0,"3":0,"4":0,"5":0,"6":0,"7":0,"8":0,"9":0,"10":0,"11":0,"12":0,"13":0},"f":{"0":0,"1":0,"2":0,"3":0},"b":{}}
,"/Users/virgile/e-comm-team-techtitans-fn/src/Redux/Features/Order/updateOrderStatus.slice.js": {"path":"/Users/virgile/e-comm-team-techtitans-fn/src/Redux/Features/Order/updateOrderStatus.slice.js","statementMap":{"0":{"start":{"line":5,"column":33},"end":{"line":29,"column":1}},"1":{"start":{"line":8,"column":4},"end":{"line":27,"column":5}},"2":{"start":{"line":9,"column":24},"end":{"line":9,"column":53}},"3":{"start":{"line":10,"column":22},"end":{"line":14,"column":7}},"4":{"start":{"line":15,"column":23},"end":{"line":19,"column":7}},"5":{"start":{"line":20,"column":6},"end":{"line":20,"column":55}},"6":{"start":{"line":21,"column":6},"end":{"line":23,"column":8}},"7":{"start":{"line":25,"column":6},"end":{"line":25,"column":70}},"8":{"start":{"line":26,"column":6},"end":{"line":26,"column":58}},"9":{"start":{"line":31,"column":31},"end":{"line":51,"column":2}},"10":{"start":{"line":40,"column":6},"end":{"line":40,"column":36}},"11":{"start":{"line":43,"column":6},"end":{"line":43,"column":46}},"12":{"start":{"line":44,"column":6},"end":{"line":44,"column":31}},"13":{"start":{"line":47,"column":6},"end":{"line":47,"column":35}},"14":{"start":{"line":48,"column":6},"end":{"line":48,"column":30}}},"fnMap":{"0":{"name":"(anonymous_0)","decl":{"start":{"line":7,"column":2},"end":{"line":7,"column":3}},"loc":{"start":{"line":7,"column":49},"end":{"line":28,"column":3}},"line":7},"1":{"name":"(anonymous_1)","decl":{"start":{"line":39,"column":33},"end":{"line":39,"column":34}},"loc":{"start":{"line":39,"column":44},"end":{"line":41,"column":5}},"line":39},"2":{"name":"(anonymous_2)","decl":{"start":{"line":42,"column":35},"end":{"line":42,"column":36}},"loc":{"start":{"line":42,"column":54},"end":{"line":45,"column":5}},"line":42},"3":{"name":"(anonymous_3)","decl":{"start":{"line":46,"column":34},"end":{"line":46,"column":35}},"loc":{"start":{"line":46,"column":53},"end":{"line":49,"column":5}},"line":46}},"branchMap":{},"s":{"0":0,"1":0,"2":0,"3":0,"4":0,"5":0,"6":0,"7":0,"8":0,"9":0,"10":0,"11":0,"12":0,"13":0,"14":0},"f":{"0":0,"1":0,"2":0,"3":0},"b":{}}
,"/Users/virgile/e-comm-team-techtitans-fn/src/Redux/Features/Payment/paymentSlice.js": {"path":"/Users/virgile/e-comm-team-techtitans-fn/src/Redux/Features/Payment/paymentSlice.js","statementMap":{"0":{"start":{"line":6,"column":31},"end":{"line":31,"column":1}},"1":{"start":{"line":12,"column":4},"end":{"line":29,"column":5}},"2":{"start":{"line":13,"column":24},"end":{"line":13,"column":53}},"3":{"start":{"line":14,"column":21},"end":{"line":18,"column":7}},"4":{"start":{"line":19,"column":23},"end":{"line":23,"column":7}},"5":{"start":{"line":25,"column":6},"end":{"line":25,"column":27}},"6":{"start":{"line":27,"column":6},"end":{"line":27,"column":25}},"7":{"start":{"line":28,"column":6},"end":{"line":28,"column":58}},"8":{"start":{"line":32,"column":30},"end":{"line":56,"column":1}},"9":{"start":{"line":35,"column":4},"end":{"line":54,"column":5}},"10":{"start":{"line":36,"column":24},"end":{"line":36,"column":53}},"11":{"start":{"line":37,"column":21},"end":{"line":41,"column":7}},"12":{"start":{"line":43,"column":23},"end":{"line":43,"column":67}},"13":{"start":{"line":45,"column":23},"end":{"line":49,"column":7}},"14":{"start":{"line":50,"column":6},"end":{"line":50,"column":27}},"15":{"start":{"line":52,"column":6},"end":{"line":52,"column":47}},"16":{"start":{"line":53,"column":6},"end":{"line":53,"column":58}},"17":{"start":{"line":58,"column":27},"end":{"line":80,"column":1}},"18":{"start":{"line":61,"column":4},"end":{"line":78,"column":5}},"19":{"start":{"line":62,"column":24},"end":{"line":62,"column":53}},"20":{"start":{"line":63,"column":21},"end":{"line":67,"column":7}},"21":{"start":{"line":69,"column":23},"end":{"line":73,"column":7}},"22":{"start":{"line":74,"column":6},"end":{"line":74,"column":27}},"23":{"start":{"line":77,"column":6},"end":{"line":77,"column":58}},"24":{"start":{"line":82,"column":21},"end":{"line":124,"column":2}},"25":{"start":{"line":91,"column":6},"end":{"line":91,"column":36}},"26":{"start":{"line":94,"column":6},"end":{"line":94,"column":37}},"27":{"start":{"line":95,"column":6},"end":{"line":95,"column":31}},"28":{"start":{"line":98,"column":6},"end":{"line":98,"column":35}},"29":{"start":{"line":99,"column":6},"end":{"line":99,"column":30}},"30":{"start":{"line":102,"column":6},"end":{"line":102,"column":36}},"31":{"start":{"line":105,"column":6},"end":{"line":105,"column":37}},"32":{"start":{"line":106,"column":6},"end":{"line":106,"column":31}},"33":{"start":{"line":109,"column":6},"end":{"line":109,"column":35}},"34":{"start":{"line":110,"column":6},"end":{"line":110,"column":30}},"35":{"start":{"line":113,"column":6},"end":{"line":113,"column":36}},"36":{"start":{"line":116,"column":6},"end":{"line":116,"column":37}},"37":{"start":{"line":117,"column":6},"end":{"line":117,"column":31}},"38":{"start":{"line":120,"column":6},"end":{"line":120,"column":35}},"39":{"start":{"line":121,"column":6},"end":{"line":121,"column":30}},"40":{"start":{"line":126,"column":30},"end":{"line":126,"column":50}}},"fnMap":{"0":{"name":"(anonymous_0)","decl":{"start":{"line":8,"column":2},"end":{"line":8,"column":3}},"loc":{"start":{"line":11,"column":7},"end":{"line":30,"column":3}},"line":11},"1":{"name":"(anonymous_1)","decl":{"start":{"line":34,"column":2},"end":{"line":34,"column":3}},"loc":{"start":{"line":34,"column":54},"end":{"line":55,"column":3}},"line":34},"2":{"name":"(anonymous_2)","decl":{"start":{"line":60,"column":2},"end":{"line":60,"column":3}},"loc":{"start":{"line":60,"column":58},"end":{"line":79,"column":3}},"line":60},"3":{"name":"(anonymous_3)","decl":{"start":{"line":90,"column":31},"end":{"line":90,"column":32}},"loc":{"start":{"line":90,"column":42},"end":{"line":92,"column":5}},"line":90},"4":{"name":"(anonymous_4)","decl":{"start":{"line":93,"column":33},"end":{"line":93,"column":34}},"loc":{"start":{"line":93,"column":52},"end":{"line":96,"column":5}},"line":93},"5":{"name":"(anonymous_5)","decl":{"start":{"line":97,"column":32},"end":{"line":97,"column":33}},"loc":{"start":{"line":97,"column":51},"end":{"line":100,"column":5}},"line":97},"6":{"name":"(anonymous_6)","decl":{"start":{"line":101,"column":30},"end":{"line":101,"column":31}},"loc":{"start":{"line":101,"column":41},"end":{"line":103,"column":5}},"line":101},"7":{"name":"(anonymous_7)","decl":{"start":{"line":104,"column":32},"end":{"line":104,"column":33}},"loc":{"start":{"line":104,"column":51},"end":{"line":107,"column":5}},"line":104},"8":{"name":"(anonymous_8)","decl":{"start":{"line":108,"column":31},"end":{"line":108,"column":32}},"loc":{"start":{"line":108,"column":50},"end":{"line":111,"column":5}},"line":108},"9":{"name":"(anonymous_9)","decl":{"start":{"line":112,"column":27},"end":{"line":112,"column":28}},"loc":{"start":{"line":112,"column":38},"end":{"line":114,"column":5}},"line":112},"10":{"name":"(anonymous_10)","decl":{"start":{"line":115,"column":29},"end":{"line":115,"column":30}},"loc":{"start":{"line":115,"column":48},"end":{"line":118,"column":5}},"line":115},"11":{"name":"(anonymous_11)","decl":{"start":{"line":119,"column":28},"end":{"line":119,"column":29}},"loc":{"start":{"line":119,"column":47},"end":{"line":122,"column":5}},"line":119}},"branchMap":{},"s":{"0":0,"1":0,"2":0,"3":0,"4":0,"5":0,"6":0,"7":0,"8":0,"9":0,"10":0,"11":0,"12":0,"13":0,"14":0,"15":0,"16":0,"17":0,"18":0,"19":0,"20":0,"21":0,"22":0,"23":0,"24":0,"25":0,"26":0,"27":0,"28":0,"29":0,"30":0,"31":0,"32":0,"33":0,"34":0,"35":0,"36":0,"37":0,"38":0,"39":0,"40":0},"f":{"0":0,"1":0,"2":0,"3":0,"4":0,"5":0,"6":0,"7":0,"8":0,"9":0,"10":0,"11":0},"b":{}}
,"/Users/virgile/e-comm-team-techtitans-fn/src/Redux/Features/Product/AddProductSlice.js": {"path":"/Users/virgile/e-comm-team-techtitans-fn/src/Redux/Features/Product/AddProductSlice.js","statementMap":{"0":{"start":{"line":6,"column":29},"end":{"line":29,"column":1}},"1":{"start":{"line":9,"column":4},"end":{"line":27,"column":5}},"2":{"start":{"line":10,"column":24},"end":{"line":10,"column":53}},"3":{"start":{"line":12,"column":21},"end":{"line":16,"column":7}},"4":{"start":{"line":18,"column":23},"end":{"line":22,"column":7}},"5":{"start":{"line":23,"column":6},"end":{"line":23,"column":27}},"6":{"start":{"line":25,"column":6},"end":{"line":25,"column":58}},"7":{"start":{"line":32,"column":27},"end":{"line":43,"column":1}},"8":{"start":{"line":35,"column":4},"end":{"line":41,"column":5}},"9":{"start":{"line":36,"column":23},"end":{"line":36,"column":68}},"10":{"start":{"line":37,"column":6},"end":{"line":37,"column":51}},"11":{"start":{"line":38,"column":6},"end":{"line":38,"column":27}},"12":{"start":{"line":40,"column":6},"end":{"line":40,"column":58}},"13":{"start":{"line":46,"column":21},"end":{"line":77,"column":2}},"14":{"start":{"line":55,"column":6},"end":{"line":55,"column":36}},"15":{"start":{"line":58,"column":6},"end":{"line":58,"column":37}},"16":{"start":{"line":59,"column":6},"end":{"line":59,"column":31}},"17":{"start":{"line":62,"column":6},"end":{"line":62,"column":35}},"18":{"start":{"line":63,"column":6},"end":{"line":63,"column":30}},"19":{"start":{"line":66,"column":6},"end":{"line":66,"column":38}},"20":{"start":{"line":69,"column":6},"end":{"line":69,"column":37}},"21":{"start":{"line":70,"column":6},"end":{"line":70,"column":31}},"22":{"start":{"line":73,"column":6},"end":{"line":73,"column":37}},"23":{"start":{"line":74,"column":6},"end":{"line":74,"column":29}}},"fnMap":{"0":{"name":"(anonymous_0)","decl":{"start":{"line":8,"column":2},"end":{"line":8,"column":3}},"loc":{"start":{"line":8,"column":42},"end":{"line":28,"column":3}},"line":8},"1":{"name":"(anonymous_1)","decl":{"start":{"line":34,"column":2},"end":{"line":34,"column":3}},"loc":{"start":{"line":34,"column":36},"end":{"line":42,"column":3}},"line":34},"2":{"name":"(anonymous_2)","decl":{"start":{"line":54,"column":29},"end":{"line":54,"column":30}},"loc":{"start":{"line":54,"column":40},"end":{"line":56,"column":5}},"line":54},"3":{"name":"(anonymous_3)","decl":{"start":{"line":57,"column":31},"end":{"line":57,"column":32}},"loc":{"start":{"line":57,"column":50},"end":{"line":60,"column":5}},"line":57},"4":{"name":"(anonymous_4)","decl":{"start":{"line":61,"column":30},"end":{"line":61,"column":31}},"loc":{"start":{"line":61,"column":49},"end":{"line":64,"column":5}},"line":61},"5":{"name":"(anonymous_5)","decl":{"start":{"line":65,"column":27},"end":{"line":65,"column":28}},"loc":{"start":{"line":65,"column":46},"end":{"line":67,"column":5}},"line":65},"6":{"name":"(anonymous_6)","decl":{"start":{"line":68,"column":29},"end":{"line":68,"column":30}},"loc":{"start":{"line":68,"column":48},"end":{"line":71,"column":5}},"line":68},"7":{"name":"(anonymous_7)","decl":{"start":{"line":72,"column":28},"end":{"line":72,"column":29}},"loc":{"start":{"line":72,"column":47},"end":{"line":75,"column":5}},"line":72}},"branchMap":{},"s":{"0":0,"1":0,"2":0,"3":0,"4":0,"5":0,"6":0,"7":0,"8":0,"9":0,"10":0,"11":0,"12":0,"13":0,"14":0,"15":0,"16":0,"17":0,"18":0,"19":0,"20":0,"21":0,"22":0,"23":0},"f":{"0":0,"1":0,"2":0,"3":0,"4":0,"5":0,"6":0,"7":0},"b":{}}
,"/Users/virgile/e-comm-team-techtitans-fn/src/Redux/Features/Product/CategorySlice.js": {"path":"/Users/virgile/e-comm-team-techtitans-fn/src/Redux/Features/Product/CategorySlice.js","statementMap":{"0":{"start":{"line":6,"column":28},"end":{"line":17,"column":1}},"1":{"start":{"line":9,"column":4},"end":{"line":15,"column":5}},"2":{"start":{"line":10,"column":23},"end":{"line":10,"column":69}},"3":{"start":{"line":11,"column":6},"end":{"line":11,"column":27}},"4":{"start":{"line":13,"column":6},"end":{"line":13,"column":58}},"5":{"start":{"line":19,"column":22},"end":{"line":36,"column":2}},"6":{"start":{"line":28,"column":6},"end":{"line":28,"column":37}},"7":{"start":{"line":29,"column":6},"end":{"line":29,"column":31}},"8":{"start":{"line":32,"column":6},"end":{"line":32,"column":35}},"9":{"start":{"line":33,"column":6},"end":{"line":33,"column":30}}},"fnMap":{"0":{"name":"(anonymous_0)","decl":{"start":{"line":8,"column":2},"end":{"line":8,"column":3}},"loc":{"start":{"line":8,"column":36},"end":{"line":16,"column":3}},"line":8},"1":{"name":"(anonymous_1)","decl":{"start":{"line":27,"column":30},"end":{"line":27,"column":31}},"loc":{"start":{"line":27,"column":49},"end":{"line":30,"column":5}},"line":27},"2":{"name":"(anonymous_2)","decl":{"start":{"line":31,"column":29},"end":{"line":31,"column":30}},"loc":{"start":{"line":31,"column":48},"end":{"line":34,"column":5}},"line":31}},"branchMap":{},"s":{"0":0,"1":0,"2":0,"3":0,"4":0,"5":0,"6":0,"7":0,"8":0,"9":0},"f":{"0":0,"1":0,"2":0},"b":{}}
,"/Users/virgile/e-comm-team-techtitans-fn/src/Redux/Features/Product/DeleteProductSlice.js": {"path":"/Users/virgile/e-comm-team-techtitans-fn/src/Redux/Features/Product/DeleteProductSlice.js","statementMap":{"0":{"start":{"line":5,"column":33},"end":{"line":15,"column":1}},"1":{"start":{"line":8,"column":4},"end":{"line":13,"column":5}},"2":{"start":{"line":9,"column":23},"end":{"line":9,"column":74}},"3":{"start":{"line":10,"column":6},"end":{"line":10,"column":27}},"4":{"start":{"line":12,"column":6},"end":{"line":12,"column":58}},"5":{"start":{"line":17,"column":29},"end":{"line":36,"column":1}},"6":{"start":{"line":20,"column":4},"end":{"line":34,"column":5}},"7":{"start":{"line":21,"column":24},"end":{"line":21,"column":53}},"8":{"start":{"line":22,"column":21},"end":{"line":26,"column":7}},"9":{"start":{"line":27,"column":23},"end":{"line":30,"column":7}},"10":{"start":{"line":31,"column":6},"end":{"line":31,"column":27}},"11":{"start":{"line":33,"column":6},"end":{"line":33,"column":58}},"12":{"start":{"line":38,"column":27},"end":{"line":69,"column":2}},"13":{"start":{"line":47,"column":6},"end":{"line":47,"column":36}},"14":{"start":{"line":50,"column":6},"end":{"line":50,"column":37}},"15":{"start":{"line":51,"column":6},"end":{"line":51,"column":31}},"16":{"start":{"line":54,"column":6},"end":{"line":54,"column":35}},"17":{"start":{"line":55,"column":6},"end":{"line":55,"column":30}},"18":{"start":{"line":58,"column":6},"end":{"line":58,"column":38}},"19":{"start":{"line":61,"column":6},"end":{"line":61,"column":37}},"20":{"start":{"line":62,"column":6},"end":{"line":62,"column":31}},"21":{"start":{"line":65,"column":6},"end":{"line":65,"column":37}},"22":{"start":{"line":66,"column":6},"end":{"line":66,"column":29}},"23":{"start":{"line":71,"column":36},"end":{"line":71,"column":62}}},"fnMap":{"0":{"name":"(anonymous_0)","decl":{"start":{"line":7,"column":2},"end":{"line":7,"column":3}},"loc":{"start":{"line":7,"column":41},"end":{"line":14,"column":3}},"line":7},"1":{"name":"(anonymous_1)","decl":{"start":{"line":19,"column":2},"end":{"line":19,"column":3}},"loc":{"start":{"line":19,"column":41},"end":{"line":35,"column":3}},"line":19},"2":{"name":"(anonymous_2)","decl":{"start":{"line":46,"column":33},"end":{"line":46,"column":34}},"loc":{"start":{"line":46,"column":44},"end":{"line":48,"column":5}},"line":46},"3":{"name":"(anonymous_3)","decl":{"start":{"line":49,"column":35},"end":{"line":49,"column":36}},"loc":{"start":{"line":49,"column":54},"end":{"line":52,"column":5}},"line":49},"4":{"name":"(anonymous_4)","decl":{"start":{"line":53,"column":34},"end":{"line":53,"column":35}},"loc":{"start":{"line":53,"column":53},"end":{"line":56,"column":5}},"line":53},"5":{"name":"(anonymous_5)","decl":{"start":{"line":57,"column":29},"end":{"line":57,"column":30}},"loc":{"start":{"line":57,"column":48},"end":{"line":59,"column":5}},"line":57},"6":{"name":"(anonymous_6)","decl":{"start":{"line":60,"column":31},"end":{"line":60,"column":32}},"loc":{"start":{"line":60,"column":50},"end":{"line":63,"column":5}},"line":60},"7":{"name":"(anonymous_7)","decl":{"start":{"line":64,"column":30},"end":{"line":64,"column":31}},"loc":{"start":{"line":64,"column":49},"end":{"line":67,"column":5}},"line":64}},"branchMap":{},"s":{"0":0,"1":0,"2":0,"3":0,"4":0,"5":0,"6":0,"7":0,"8":0,"9":0,"10":0,"11":0,"12":0,"13":0,"14":0,"15":0,"16":0,"17":0,"18":0,"19":0,"20":0,"21":0,"22":0,"23":0},"f":{"0":0,"1":0,"2":0,"3":0,"4":0,"5":0,"6":0,"7":0},"b":{}}
,"/Users/virgile/e-comm-team-techtitans-fn/src/Redux/Features/Product/EditProductSlice.js": {"path":"/Users/virgile/e-comm-team-techtitans-fn/src/Redux/Features/Product/EditProductSlice.js","statementMap":{"0":{"start":{"line":5,"column":33},"end":{"line":15,"column":1}},"1":{"start":{"line":8,"column":4},"end":{"line":13,"column":5}},"2":{"start":{"line":9,"column":23},"end":{"line":9,"column":75}},"3":{"start":{"line":10,"column":6},"end":{"line":10,"column":27}},"4":{"start":{"line":12,"column":6},"end":{"line":12,"column":58}},"5":{"start":{"line":17,"column":27},"end":{"line":48,"column":1}},"6":{"start":{"line":23,"column":4},"end":{"line":46,"column":5}},"7":{"start":{"line":24,"column":24},"end":{"line":24,"column":53}},"8":{"start":{"line":25,"column":21},"end":{"line":29,"column":7}},"9":{"start":{"line":30,"column":23},"end":{"line":42,"column":7}},"10":{"start":{"line":43,"column":6},"end":{"line":43,"column":27}},"11":{"start":{"line":45,"column":6},"end":{"line":45,"column":58}},"12":{"start":{"line":51,"column":28},"end":{"line":82,"column":2}},"13":{"start":{"line":60,"column":6},"end":{"line":60,"column":36}},"14":{"start":{"line":63,"column":6},"end":{"line":63,"column":37}},"15":{"start":{"line":64,"column":6},"end":{"line":64,"column":31}},"16":{"start":{"line":67,"column":6},"end":{"line":67,"column":35}},"17":{"start":{"line":68,"column":6},"end":{"line":68,"column":30}},"18":{"start":{"line":71,"column":6},"end":{"line":71,"column":38}},"19":{"start":{"line":74,"column":6},"end":{"line":74,"column":37}},"20":{"start":{"line":75,"column":6},"end":{"line":75,"column":31}},"21":{"start":{"line":78,"column":6},"end":{"line":78,"column":37}},"22":{"start":{"line":79,"column":6},"end":{"line":79,"column":29}},"23":{"start":{"line":84,"column":37},"end":{"line":84,"column":64}}},"fnMap":{"0":{"name":"(anonymous_0)","decl":{"start":{"line":7,"column":2},"end":{"line":7,"column":3}},"loc":{"start":{"line":7,"column":41},"end":{"line":14,"column":3}},"line":7},"1":{"name":"(anonymous_1)","decl":{"start":{"line":19,"column":2},"end":{"line":19,"column":3}},"loc":{"start":{"line":22,"column":7},"end":{"line":47,"column":3}},"line":22},"2":{"name":"(anonymous_2)","decl":{"start":{"line":59,"column":33},"end":{"line":59,"column":34}},"loc":{"start":{"line":59,"column":44},"end":{"line":61,"column":5}},"line":59},"3":{"name":"(anonymous_3)","decl":{"start":{"line":62,"column":35},"end":{"line":62,"column":36}},"loc":{"start":{"line":62,"column":54},"end":{"line":65,"column":5}},"line":62},"4":{"name":"(anonymous_4)","decl":{"start":{"line":66,"column":34},"end":{"line":66,"column":35}},"loc":{"start":{"line":66,"column":53},"end":{"line":69,"column":5}},"line":66},"5":{"name":"(anonymous_5)","decl":{"start":{"line":70,"column":27},"end":{"line":70,"column":28}},"loc":{"start":{"line":70,"column":46},"end":{"line":72,"column":5}},"line":70},"6":{"name":"(anonymous_6)","decl":{"start":{"line":73,"column":29},"end":{"line":73,"column":30}},"loc":{"start":{"line":73,"column":48},"end":{"line":76,"column":5}},"line":73},"7":{"name":"(anonymous_7)","decl":{"start":{"line":77,"column":28},"end":{"line":77,"column":29}},"loc":{"start":{"line":77,"column":47},"end":{"line":80,"column":5}},"line":77}},"branchMap":{},"s":{"0":0,"1":0,"2":0,"3":0,"4":0,"5":0,"6":0,"7":0,"8":0,"9":0,"10":0,"11":0,"12":0,"13":0,"14":0,"15":0,"16":0,"17":0,"18":0,"19":0,"20":0,"21":0,"22":0,"23":0},"f":{"0":0,"1":0,"2":0,"3":0,"4":0,"5":0,"6":0,"7":0},"b":{}}
,"/Users/virgile/e-comm-team-techtitans-fn/src/Redux/Features/Product/GetCategories.slice.js": {"path":"/Users/virgile/e-comm-team-techtitans-fn/src/Redux/Features/Product/GetCategories.slice.js","statementMap":{"0":{"start":{"line":5,"column":28},"end":{"line":21,"column":1}},"1":{"start":{"line":8,"column":4},"end":{"line":19,"column":5}},"2":{"start":{"line":9,"column":24},"end":{"line":9,"column":53}},"3":{"start":{"line":10,"column":23},"end":{"line":13,"column":7}},"4":{"start":{"line":14,"column":6},"end":{"line":14,"column":54}},"5":{"start":{"line":15,"column":6},"end":{"line":15,"column":32}},"6":{"start":{"line":17,"column":6},"end":{"line":17,"column":58}},"7":{"start":{"line":23,"column":22},"end":{"line":43,"column":2}},"8":{"start":{"line":32,"column":6},"end":{"line":32,"column":36}},"9":{"start":{"line":35,"column":6},"end":{"line":35,"column":43}},"10":{"start":{"line":36,"column":6},"end":{"line":36,"column":31}},"11":{"start":{"line":39,"column":6},"end":{"line":39,"column":35}},"12":{"start":{"line":40,"column":6},"end":{"line":40,"column":30}}},"fnMap":{"0":{"name":"(anonymous_0)","decl":{"start":{"line":7,"column":2},"end":{"line":7,"column":3}},"loc":{"start":{"line":7,"column":48},"end":{"line":20,"column":3}},"line":7},"1":{"name":"(anonymous_1)","decl":{"start":{"line":31,"column":28},"end":{"line":31,"column":29}},"loc":{"start":{"line":31,"column":39},"end":{"line":33,"column":5}},"line":31},"2":{"name":"(anonymous_2)","decl":{"start":{"line":34,"column":30},"end":{"line":34,"column":31}},"loc":{"start":{"line":34,"column":49},"end":{"line":37,"column":5}},"line":34},"3":{"name":"(anonymous_3)","decl":{"start":{"line":38,"column":29},"end":{"line":38,"column":30}},"loc":{"start":{"line":38,"column":48},"end":{"line":41,"column":5}},"line":38}},"branchMap":{},"s":{"0":0,"1":0,"2":0,"3":0,"4":0,"5":0,"6":0,"7":0,"8":0,"9":0,"10":0,"11":0,"12":0},"f":{"0":0,"1":0,"2":0,"3":0},"b":{}}
,"/Users/virgile/e-comm-team-techtitans-fn/src/Redux/Features/Product/GetProducts.slice.js": {"path":"/Users/virgile/e-comm-team-techtitans-fn/src/Redux/Features/Product/GetProducts.slice.js","statementMap":{"0":{"start":{"line":6,"column":29},"end":{"line":24,"column":1}},"1":{"start":{"line":9,"column":4},"end":{"line":22,"column":5}},"2":{"start":{"line":10,"column":24},"end":{"line":10,"column":53}},"3":{"start":{"line":11,"column":23},"end":{"line":14,"column":7}},"4":{"start":{"line":16,"column":6},"end":{"line":18,"column":8}},"5":{"start":{"line":20,"column":6},"end":{"line":20,"column":58}},"6":{"start":{"line":27,"column":21},"end":{"line":47,"column":2}},"7":{"start":{"line":36,"column":6},"end":{"line":36,"column":36}},"8":{"start":{"line":39,"column":6},"end":{"line":39,"column":41}},"9":{"start":{"line":40,"column":6},"end":{"line":40,"column":31}},"10":{"start":{"line":43,"column":6},"end":{"line":43,"column":35}},"11":{"start":{"line":44,"column":6},"end":{"line":44,"column":30}}},"fnMap":{"0":{"name":"(anonymous_0)","decl":{"start":{"line":8,"column":2},"end":{"line":8,"column":3}},"loc":{"start":{"line":8,"column":46},"end":{"line":23,"column":3}},"line":8},"1":{"name":"(anonymous_1)","decl":{"start":{"line":35,"column":29},"end":{"line":35,"column":30}},"loc":{"start":{"line":35,"column":40},"end":{"line":37,"column":5}},"line":35},"2":{"name":"(anonymous_2)","decl":{"start":{"line":38,"column":31},"end":{"line":38,"column":32}},"loc":{"start":{"line":38,"column":50},"end":{"line":41,"column":5}},"line":38},"3":{"name":"(anonymous_3)","decl":{"start":{"line":42,"column":30},"end":{"line":42,"column":31}},"loc":{"start":{"line":42,"column":49},"end":{"line":45,"column":5}},"line":42}},"branchMap":{},"s":{"0":0,"1":0,"2":0,"3":0,"4":0,"5":0,"6":0,"7":0,"8":0,"9":0,"10":0,"11":0},"f":{"0":0,"1":0,"2":0,"3":0},"b":{}}
,"/Users/virgile/e-comm-team-techtitans-fn/src/Redux/Features/Product/RecommendedSlice.js": {"path":"/Users/virgile/e-comm-team-techtitans-fn/src/Redux/Features/Product/RecommendedSlice.js","statementMap":{"0":{"start":{"line":4,"column":34},"end":{"line":16,"column":1}},"1":{"start":{"line":7,"column":4},"end":{"line":14,"column":5}},"2":{"start":{"line":8,"column":23},"end":{"line":8,"column":72}},"3":{"start":{"line":9,"column":6},"end":{"line":9,"column":51}},"4":{"start":{"line":10,"column":6},"end":{"line":10,"column":27}},"5":{"start":{"line":12,"column":6},"end":{"line":12,"column":65}},"6":{"start":{"line":13,"column":6},"end":{"line":13,"column":58}},"7":{"start":{"line":19,"column":23},"end":{"line":40,"column":2}},"8":{"start":{"line":28,"column":6},"end":{"line":28,"column":38}},"9":{"start":{"line":31,"column":6},"end":{"line":31,"column":41}},"10":{"start":{"line":32,"column":6},"end":{"line":32,"column":31}},"11":{"start":{"line":36,"column":6},"end":{"line":36,"column":37}},"12":{"start":{"line":37,"column":6},"end":{"line":37,"column":29}}},"fnMap":{"0":{"name":"(anonymous_0)","decl":{"start":{"line":6,"column":2},"end":{"line":6,"column":3}},"loc":{"start":{"line":6,"column":39},"end":{"line":15,"column":3}},"line":6},"1":{"name":"(anonymous_1)","decl":{"start":{"line":27,"column":34},"end":{"line":27,"column":35}},"loc":{"start":{"line":27,"column":53},"end":{"line":29,"column":5}},"line":27},"2":{"name":"(anonymous_2)","decl":{"start":{"line":30,"column":36},"end":{"line":30,"column":37}},"loc":{"start":{"line":30,"column":55},"end":{"line":34,"column":5}},"line":30},"3":{"name":"(anonymous_3)","decl":{"start":{"line":35,"column":35},"end":{"line":35,"column":36}},"loc":{"start":{"line":35,"column":54},"end":{"line":38,"column":5}},"line":35}},"branchMap":{},"s":{"0":0,"1":0,"2":0,"3":0,"4":0,"5":0,"6":0,"7":0,"8":0,"9":0,"10":0,"11":0,"12":0},"f":{"0":0,"1":0,"2":0,"3":0},"b":{}}
,"/Users/virgile/e-comm-team-techtitans-fn/src/Redux/Features/Profile/getprofile.slice.js": {"path":"/Users/virgile/e-comm-team-techtitans-fn/src/Redux/Features/Profile/getprofile.slice.js","statementMap":{"0":{"start":{"line":6,"column":26},"end":{"line":26,"column":1}},"1":{"start":{"line":9,"column":4},"end":{"line":24,"column":5}},"2":{"start":{"line":10,"column":20},"end":{"line":10,"column":49}},"3":{"start":{"line":12,"column":21},"end":{"line":16,"column":7}},"4":{"start":{"line":18,"column":23},"end":{"line":18,"column":90}},"5":{"start":{"line":19,"column":6},"end":{"line":19,"column":51}},"6":{"start":{"line":20,"column":6},"end":{"line":20,"column":32}},"7":{"start":{"line":22,"column":6},"end":{"line":22,"column":69}},"8":{"start":{"line":23,"column":6},"end":{"line":23,"column":58}},"9":{"start":{"line":28,"column":24},"end":{"line":51,"column":2}},"10":{"start":{"line":37,"column":4},"end":{"line":49,"column":9}},"11":{"start":{"line":39,"column":8},"end":{"line":39,"column":33}},"12":{"start":{"line":40,"column":8},"end":{"line":40,"column":27}},"13":{"start":{"line":43,"column":8},"end":{"line":43,"column":35}},"14":{"start":{"line":44,"column":8},"end":{"line":44,"column":42}},"15":{"start":{"line":47,"column":8},"end":{"line":47,"column":32}},"16":{"start":{"line":48,"column":8},"end":{"line":48,"column":37}}},"fnMap":{"0":{"name":"(anonymous_0)","decl":{"start":{"line":8,"column":2},"end":{"line":8,"column":3}},"loc":{"start":{"line":8,"column":35},"end":{"line":25,"column":3}},"line":8},"1":{"name":"(anonymous_1)","decl":{"start":{"line":36,"column":17},"end":{"line":36,"column":18}},"loc":{"start":{"line":36,"column":30},"end":{"line":50,"column":3}},"line":36},"2":{"name":"(anonymous_2)","decl":{"start":{"line":38,"column":35},"end":{"line":38,"column":36}},"loc":{"start":{"line":38,"column":46},"end":{"line":41,"column":7}},"line":38},"3":{"name":"(anonymous_3)","decl":{"start":{"line":42,"column":37},"end":{"line":42,"column":38}},"loc":{"start":{"line":42,"column":56},"end":{"line":45,"column":7}},"line":42},"4":{"name":"(anonymous_4)","decl":{"start":{"line":46,"column":36},"end":{"line":46,"column":37}},"loc":{"start":{"line":46,"column":55},"end":{"line":49,"column":7}},"line":46}},"branchMap":{},"s":{"0":0,"1":0,"2":0,"3":0,"4":0,"5":0,"6":0,"7":0,"8":0,"9":0,"10":0,"11":0,"12":0,"13":0,"14":0,"15":0,"16":0},"f":{"0":0,"1":0,"2":0,"3":0,"4":0},"b":{}}
,"/Users/virgile/e-comm-team-techtitans-fn/src/Redux/Features/Profile/profile.slice.js": {"path":"/Users/virgile/e-comm-team-techtitans-fn/src/Redux/Features/Profile/profile.slice.js","statementMap":{"0":{"start":{"line":7,"column":29},"end":{"line":29,"column":1}},"1":{"start":{"line":10,"column":4},"end":{"line":27,"column":9}},"2":{"start":{"line":11,"column":20},"end":{"line":11,"column":49}},"3":{"start":{"line":13,"column":21},"end":{"line":17,"column":13}},"4":{"start":{"line":19,"column":29},"end":{"line":19,"column":178}},"5":{"start":{"line":20,"column":12},"end":{"line":20,"column":57}},"6":{"start":{"line":21,"column":12},"end":{"line":21,"column":33}},"7":{"start":{"line":23,"column":12},"end":{"line":23,"column":60}},"8":{"start":{"line":25,"column":12},"end":{"line":25,"column":64}},"9":{"start":{"line":32,"column":21},"end":{"line":55,"column":2}},"10":{"start":{"line":41,"column":0},"end":{"line":53,"column":2}},"11":{"start":{"line":43,"column":0},"end":{"line":43,"column":25}},"12":{"start":{"line":44,"column":0},"end":{"line":44,"column":19}},"13":{"start":{"line":47,"column":0},"end":{"line":47,"column":27}},"14":{"start":{"line":48,"column":0},"end":{"line":48,"column":31}},"15":{"start":{"line":51,"column":0},"end":{"line":51,"column":24}},"16":{"start":{"line":52,"column":0},"end":{"line":52,"column":29}}},"fnMap":{"0":{"name":"(anonymous_0)","decl":{"start":{"line":9,"column":2},"end":{"line":9,"column":3}},"loc":{"start":{"line":9,"column":124},"end":{"line":28,"column":5}},"line":9},"1":{"name":"(anonymous_1)","decl":{"start":{"line":40,"column":15},"end":{"line":40,"column":16}},"loc":{"start":{"line":40,"column":28},"end":{"line":54,"column":1}},"line":40},"2":{"name":"(anonymous_2)","decl":{"start":{"line":42,"column":32},"end":{"line":42,"column":33}},"loc":{"start":{"line":42,"column":43},"end":{"line":45,"column":1}},"line":42},"3":{"name":"(anonymous_3)","decl":{"start":{"line":46,"column":34},"end":{"line":46,"column":35}},"loc":{"start":{"line":46,"column":53},"end":{"line":49,"column":1}},"line":46},"4":{"name":"(anonymous_4)","decl":{"start":{"line":50,"column":33},"end":{"line":50,"column":34}},"loc":{"start":{"line":50,"column":52},"end":{"line":53,"column":1}},"line":50}},"branchMap":{},"s":{"0":0,"1":0,"2":0,"3":0,"4":0,"5":0,"6":0,"7":0,"8":0,"9":0,"10":0,"11":0,"12":0,"13":0,"14":0,"15":0,"16":0},"f":{"0":0,"1":0,"2":0,"3":0,"4":0},"b":{}}
,"/Users/virgile/e-comm-team-techtitans-fn/src/Redux/Features/Review/GetAverageProductReview.js": {"path":"/Users/virgile/e-comm-team-techtitans-fn/src/Redux/Features/Review/GetAverageProductReview.js","statementMap":{"0":{"start":{"line":5,"column":41},"end":{"line":18,"column":1}},"1":{"start":{"line":8,"column":4},"end":{"line":16,"column":5}},"2":{"start":{"line":9,"column":23},"end":{"line":11,"column":7}},"3":{"start":{"line":13,"column":6},"end":{"line":13,"column":56}},"4":{"start":{"line":15,"column":6},"end":{"line":15,"column":58}},"5":{"start":{"line":20,"column":35},"end":{"line":30,"column":2}},"6":{"start":{"line":25,"column":4},"end":{"line":28,"column":7}},"7":{"start":{"line":26,"column":37},"end":{"line":26,"column":51}},"8":{"start":{"line":27,"column":6},"end":{"line":27,"column":33}}},"fnMap":{"0":{"name":"(anonymous_0)","decl":{"start":{"line":7,"column":2},"end":{"line":7,"column":3}},"loc":{"start":{"line":7,"column":42},"end":{"line":17,"column":3}},"line":7},"1":{"name":"(anonymous_1)","decl":{"start":{"line":24,"column":17},"end":{"line":24,"column":18}},"loc":{"start":{"line":24,"column":30},"end":{"line":29,"column":3}},"line":24},"2":{"name":"(anonymous_2)","decl":{"start":{"line":25,"column":57},"end":{"line":25,"column":58}},"loc":{"start":{"line":25,"column":76},"end":{"line":28,"column":5}},"line":25}},"branchMap":{},"s":{"0":0,"1":0,"2":0,"3":0,"4":0,"5":0,"6":0,"7":0,"8":0},"f":{"0":0,"1":0,"2":0},"b":{}}
,"/Users/virgile/e-comm-team-techtitans-fn/src/Redux/Features/Review/GetProductReview.js": {"path":"/Users/virgile/e-comm-team-techtitans-fn/src/Redux/Features/Review/GetProductReview.js","statementMap":{"0":{"start":{"line":5,"column":33},"end":{"line":18,"column":1}},"1":{"start":{"line":8,"column":4},"end":{"line":16,"column":5}},"2":{"start":{"line":9,"column":23},"end":{"line":11,"column":7}},"3":{"start":{"line":13,"column":6},"end":{"line":13,"column":32}},"4":{"start":{"line":15,"column":6},"end":{"line":15,"column":58}},"5":{"start":{"line":20,"column":32},"end":{"line":43,"column":2}},"6":{"start":{"line":29,"column":4},"end":{"line":41,"column":9}},"7":{"start":{"line":31,"column":8},"end":{"line":31,"column":33}},"8":{"start":{"line":32,"column":8},"end":{"line":32,"column":27}},"9":{"start":{"line":35,"column":8},"end":{"line":35,"column":35}},"10":{"start":{"line":36,"column":8},"end":{"line":36,"column":42}},"11":{"start":{"line":39,"column":8},"end":{"line":39,"column":32}},"12":{"start":{"line":40,"column":8},"end":{"line":40,"column":37}}},"fnMap":{"0":{"name":"(anonymous_0)","decl":{"start":{"line":7,"column":2},"end":{"line":7,"column":3}},"loc":{"start":{"line":7,"column":42},"end":{"line":17,"column":3}},"line":7},"1":{"name":"(anonymous_1)","decl":{"start":{"line":28,"column":17},"end":{"line":28,"column":18}},"loc":{"start":{"line":28,"column":30},"end":{"line":42,"column":3}},"line":28},"2":{"name":"(anonymous_2)","decl":{"start":{"line":30,"column":42},"end":{"line":30,"column":43}},"loc":{"start":{"line":30,"column":53},"end":{"line":33,"column":7}},"line":30},"3":{"name":"(anonymous_3)","decl":{"start":{"line":34,"column":44},"end":{"line":34,"column":45}},"loc":{"start":{"line":34,"column":63},"end":{"line":37,"column":7}},"line":34},"4":{"name":"(anonymous_4)","decl":{"start":{"line":38,"column":43},"end":{"line":38,"column":44}},"loc":{"start":{"line":38,"column":62},"end":{"line":41,"column":7}},"line":38}},"branchMap":{},"s":{"0":0,"1":0,"2":0,"3":0,"4":0,"5":0,"6":0,"7":0,"8":0,"9":0,"10":0,"11":0,"12":0},"f":{"0":0,"1":0,"2":0,"3":0,"4":0},"b":{}}
,"/Users/virgile/e-comm-team-techtitans-fn/src/Redux/Features/Review/ProductReview.js": {"path":"/Users/virgile/e-comm-team-techtitans-fn/src/Redux/Features/Review/ProductReview.js","statementMap":{"0":{"start":{"line":5,"column":29},"end":{"line":26,"column":1}},"1":{"start":{"line":8,"column":4},"end":{"line":24,"column":5}},"2":{"start":{"line":9,"column":24},"end":{"line":9,"column":53}},"3":{"start":{"line":11,"column":21},"end":{"line":15,"column":7}},"4":{"start":{"line":16,"column":23},"end":{"line":20,"column":7}},"5":{"start":{"line":21,"column":6},"end":{"line":21,"column":27}},"6":{"start":{"line":23,"column":6},"end":{"line":23,"column":58}},"7":{"start":{"line":28,"column":28},"end":{"line":51,"column":2}},"8":{"start":{"line":37,"column":4},"end":{"line":49,"column":9}},"9":{"start":{"line":39,"column":8},"end":{"line":39,"column":33}},"10":{"start":{"line":40,"column":8},"end":{"line":40,"column":27}},"11":{"start":{"line":43,"column":8},"end":{"line":43,"column":35}},"12":{"start":{"line":44,"column":8},"end":{"line":44,"column":38}},"13":{"start":{"line":47,"column":8},"end":{"line":47,"column":32}},"14":{"start":{"line":48,"column":8},"end":{"line":48,"column":37}}},"fnMap":{"0":{"name":"(anonymous_0)","decl":{"start":{"line":7,"column":2},"end":{"line":7,"column":3}},"loc":{"start":{"line":7,"column":61},"end":{"line":25,"column":3}},"line":7},"1":{"name":"(anonymous_1)","decl":{"start":{"line":36,"column":17},"end":{"line":36,"column":18}},"loc":{"start":{"line":36,"column":30},"end":{"line":50,"column":3}},"line":36},"2":{"name":"(anonymous_2)","decl":{"start":{"line":38,"column":38},"end":{"line":38,"column":39}},"loc":{"start":{"line":38,"column":49},"end":{"line":41,"column":7}},"line":38},"3":{"name":"(anonymous_3)","decl":{"start":{"line":42,"column":40},"end":{"line":42,"column":41}},"loc":{"start":{"line":42,"column":59},"end":{"line":45,"column":7}},"line":42},"4":{"name":"(anonymous_4)","decl":{"start":{"line":46,"column":39},"end":{"line":46,"column":40}},"loc":{"start":{"line":46,"column":58},"end":{"line":49,"column":7}},"line":46}},"branchMap":{},"s":{"0":0,"1":0,"2":0,"3":0,"4":0,"5":0,"6":0,"7":0,"8":0,"9":0,"10":0,"11":0,"12":0,"13":0,"14":0},"f":{"0":0,"1":0,"2":0,"3":0,"4":0},"b":{}}
,"/Users/virgile/e-comm-team-techtitans-fn/src/Redux/Features/Search/SearchSlice.js": {"path":"/Users/virgile/e-comm-team-techtitans-fn/src/Redux/Features/Search/SearchSlice.js","statementMap":{},"fnMap":{},"branchMap":{},"s":{},"f":{},"b":{}}
[...]
,"/Users/virgile/e-comm-team-techtitans-fn/src/pages/User/usePasswordToggle.jsx": {"path":"/Users/virgile/e-comm-team-techtitans-fn/src/pages/User/usePasswordToggle.jsx","statementMap":{"0":{"start":{"line":5,"column":26},"end":{"line":16,"column":1}},"1":{"start":{"line":6,"column":38},"end":{"line":6,"column":53}},"2":{"start":{"line":8,"column":4},"end":{"line":12,"column":6}},"3":{"start":{"line":10,"column":21},"end":{"line":10,"column":63}},"4":{"start":{"line":10,"column":51},"end":{"line":10,"column":62}},"5":{"start":{"line":14,"column":20},"end":{"line":14,"column":52}},"6":{"start":{"line":15,"column":2},"end":{"line":15,"column":27}}},"fnMap":{"0":{"name":"(anonymous_0)","decl":{"start":{"line":5,"column":26},"end":{"line":5,"column":27}},"loc":{"start":{"line":5,"column":32},"end":{"line":16,"column":1}},"line":5},"1":{"name":"(anonymous_1)","decl":{"start":{"line":10,"column":15},"end":{"line":10,"column":16}},"loc":{"start":{"line":10,"column":21},"end":{"line":10,"column":63}},"line":10},"2":{"name":"(anonymous_2)","decl":{"start":{"line":10,"column":35},"end":{"line":10,"column":36}},"loc":{"start":{"line":10,"column":51},"end":{"line":10,"column":62}},"line":10}},"branchMap":{"0":{"loc":{"start":{"line":9,"column":12},"end":{"line":9,"column":43}},"type":"cond-expr","locations":[{"start":{"line":9,"column":25},"end":{"line":9,"column":35}},{"start":{"line":9,"column":38},"end":{"line":9,"column":43}}],"line":9},"1":{"loc":{"start":{"line":14,"column":20},"end":{"line":14,"column":52}},"type":"cond-expr","locations":[{"start":{"line":14,"column":33},"end":{"line":14,"column":39}},{"start":{"line":14,"column":42},"end":{"line":14,"column":52}}],"line":14}},"s":{"0":0,"1":0,"2":0,"3":0,"4":0,"5":0,"6":0},"f":{"0":0,"1":0,"2":0},"b":{"0":[0,0],"1":[0,0]}}
,"/Users/virgile/e-comm-team-techtitans-fn/src/pages/aboutPages/AdvantagesPage.jsx": {"path":"/Users/virgile/e-comm-team-techtitans-fn/src/pages/aboutPages/AdvantagesPage.jsx","statementMap":{"0":{"start":{"line":3,"column":23},"end":{"line":36,"column":1}},"1":{"start":{"line":4,"column":2},"end":{"line":35,"column":4}}},"fnMap":{"0":{"name":"(anonymous_0)","decl":{"start":{"line":3,"column":23},"end":{"line":3,"column":24}},"loc":{"start":{"line":3,"column":29},"end":{"line":36,"column":1}},"line":3}},"branchMap":{},"s":{"0":0,"1":0},"f":{"0":0},"b":{}}
,"/Users/virgile/e-comm-team-techtitans-fn/src/pages/aboutPages/FaqsPage.jsx": {"path":"/Users/virgile/e-comm-team-techtitans-fn/src/pages/aboutPages/FaqsPage.jsx","statementMap":{"0":{"start":{"line":3,"column":2},"end":{"line":25,"column":4}}},"fnMap":{"0":{"name":"FaqsPage","decl":{"start":{"line":2,"column":9},"end":{"line":2,"column":17}},"loc":{"start":{"line":2,"column":20},"end":{"line":26,"column":1}},"line":2}},"branchMap":{},"s":{"0":0},"f":{"0":0},"b":{}}
,"/Users/virgile/e-comm-team-techtitans-fn/src/pages/aboutPages/MissionPage.jsx": {"path":"/Users/virgile/e-comm-team-techtitans-fn/src/pages/aboutPages/MissionPage.jsx","statementMap":{"0":{"start":{"line":4,"column":2},"end":{"line":53,"column":4}}},"fnMap":{"0":{"name":"MissionPage","decl":{"start":{"line":3,"column":9},"end":{"line":3,"column":20}},"loc":{"start":{"line":3,"column":23},"end":{"line":54,"column":1}},"line":3}},"branchMap":{},"s":{"0":0},"f":{"0":0},"b":{}}
,"/Users/virgile/e-comm-team-techtitans-fn/src/pages/aboutPages/TeamPage.jsx": {"path":"/Users/virgile/e-comm-team-techtitans-fn/src/pages/aboutPages/TeamPage.jsx","statementMap":{"0":{"start":{"line":19,"column":22},"end":{"line":137,"column":3}},"1":{"start":{"line":139,"column":19},"end":{"line":160,"column":6}},"2":{"start":{"line":140,"column":24},"end":{"line":140,"column":58}},"3":{"start":{"line":142,"column":6},"end":{"line":159,"column":13}},"4":{"start":{"line":162,"column":20},"end":{"line":183,"column":6}},"5":{"start":{"line":163,"column":24},"end":{"line":163,"column":37}},"6":{"start":{"line":165,"column":6},"end":{"line":182,"column":13}},"7":{"start":{"line":185,"column":2},"end":{"line":195,"column":4}}},"fnMap":{"0":{"name":"TeamPage","decl":{"start":{"line":18,"column":9},"end":{"line":18,"column":17}},"loc":{"start":{"line":18,"column":20},"end":{"line":196,"column":1}},"line":18},"1":{"name":"(anonymous_1)","decl":{"start":{"line":140,"column":12},"end":{"line":140,"column":13}},"loc":{"start":{"line":140,"column":24},"end":{"line":140,"column":58}},"line":140},"2":{"name":"(anonymous_2)","decl":{"start":{"line":141,"column":9},"end":{"line":141,"column":10}},"loc":{"start":{"line":142,"column":6},"end":{"line":159,"column":13}},"line":142},"3":{"name":"(anonymous_3)","decl":{"start":{"line":163,"column":12},"end":{"line":163,"column":13}},"loc":{"start":{"line":163,"column":24},"end":{"line":163,"column":37}},"line":163},"4":{"name":"(anonymous_4)","decl":{"start":{"line":164,"column":9},"end":{"line":164,"column":10}},"loc":{"start":{"line":165,"column":6},"end":{"line":182,"column":13}},"line":165}},"branchMap":{"0":{"loc":{"start":{"line":140,"column":24},"end":{"line":140,"column":58}},"type":"binary-expr","locations":[{"start":{"line":140,"column":24},"end":{"line":140,"column":39}},{"start":{"line":140,"column":43},"end":{"line":140,"column":58}}],"line":140}},"s":{"0":0,"1":0,"2":0,"3":0,"4":0,"5":0,"6":0,"7":0},"f":{"0":0,"1":0,"2":0,"3":0,"4":0},"b":{"0":[0,0]}}
,"/Users/virgile/e-comm-team-techtitans-fn/src/pages/aboutPages/WelcomePage.jsx": {"path":"/Users/virgile/e-comm-team-techtitans-fn/src/pages/aboutPages/WelcomePage.jsx","statementMap":{"0":{"start":{"line":4,"column":2},"end":{"line":36,"column":4}}},"fnMap":{"0":{"name":"WelcomePage","decl":{"start":{"line":3,"column":9},"end":{"line":3,"column":20}},"loc":{"start":{"line":3,"column":23},"end":{"line":37,"column":1}},"line":3}},"branchMap":{},"s":{"0":0},"f":{"0":0},"b":{}}
,"/Users/virgile/e-comm-team-techtitans-fn/src/pages/chat/index.jsx": {"path":"/Users/virgile/e-comm-team-techtitans-fn/src/pages/chat/index.jsx","statementMap":{"0":{"start":{"line":7,"column":11},"end":{"line":24,"column":1}},"1":{"start":{"line":8,"column":2},"end":{"line":23,"column":4}}},"fnMap":{"0":{"name":"(anonymous_0)","decl":{"start":{"line":7,"column":11},"end":{"line":7,"column":12}},"loc":{"start":{"line":7,"column":17},"end":{"line":24,"column":1}},"line":7}},"branchMap":{},"s":{"0":0,"1":0},"f":{"0":0},"b":{}}
,"/Users/virgile/e-comm-team-techtitans-fn/src/pages/verifyotp/verifyotp.jsx": {"path":"/Users/virgile/e-comm-team-techtitans-fn/src/pages/verifyotp/verifyotp.jsx","statementMap":{"0":{"start":{"line":14,"column":16},"end":{"line":109,"column":1}},"1":{"start":{"line":15,"column":16},"end":{"line":15,"column":40}},"2":{"start":{"line":16,"column":19},"end":{"line":16,"column":32}},"3":{"start":{"line":17,"column":15},"end":{"line":17,"column":49}},"4":{"start":{"line":17,"column":38},"end":{"line":17,"column":48}},"5":{"start":{"line":18,"column":14},"end":{"line":18,"column":43}},"6":{"start":{"line":19,"column":22},"end":{"line":19,"column":34}},"7":{"start":{"line":20,"column":30},"end":{"line":20,"column":42}},"8":{"start":{"line":21,"column":20},"end":{"line":21,"column":35}},"9":{"start":{"line":22,"column":19},"end":{"line":22,"column":32}},"10":{"start":{"line":23,"column":17},"end":{"line":23,"column":46}},"11":{"start":{"line":23,"column":40},"end":{"line":23,"column":45}},"12":{"start":{"line":24,"column":38},"end":{"line":24,"column":61}},"13":{"start":{"line":25,"column":43},"end":{"line":25,"column":95}},"14":{"start":{"line":25,"column":66},"end":{"line":25,"column":94}},"15":{"start":{"line":27,"column":2},"end":{"line":29,"column":3}},"16":{"start":{"line":28,"column":4},"end":{"line":28,"column":27}},"17":{"start":{"line":31,"column":21},"end":{"line":33,"column":3}},"18":{"start":{"line":32,"column":4},"end":{"line":32,"column":68}},"19":{"start":{"line":35,"column":21},"end":{"line":39,"column":3}},"20":{"start":{"line":36,"column":4},"end":{"line":36,"column":27}},"21":{"start":{"line":37,"column":4},"end":{"line":37,"column":19}},"22":{"start":{"line":38,"column":4},"end":{"line":38,"column":32}},"23":{"start":{"line":40,"column":25},"end":{"line":51,"column":3}},"24":{"start":{"line":41,"column":4},"end":{"line":41,"column":19}},"25":{"start":{"line":42,"column":4},"end":{"line":42,"column":34}},"26":{"start":{"line":43,"column":4},"end":{"line":50,"column":60}},"27":{"start":{"line":45,"column":8},"end":{"line":47,"column":9}},"28":{"start":{"line":46,"column":10},"end":{"line":46,"column":51}},"29":{"start":{"line":50,"column":24},"end":{"line":50,"column":58}},"30":{"start":{"line":53,"column":2},"end":{"line":108,"column":4}},"31":{"start":{"line":88,"column":35},"end":{"line":88,"column":50}}},"fnMap":{"0":{"name":"(anonymous_0)","decl":{"start":{"line":14,"column":16},"end":{"line":14,"column":17}},"loc":{"start":{"line":14,"column":32},"end":{"line":109,"column":1}},"line":14},"1":{"name":"(anonymous_1)","decl":{"start":{"line":17,"column":27},"end":{"line":17,"column":28}},"loc":{"start":{"line":17,"column":38},"end":{"line":17,"column":48}},"line":17},"2":{"name":"(anonymous_2)","decl":{"start":{"line":23,"column":29},"end":{"line":23,"column":30}},"loc":{"start":{"line":23,"column":40},"end":{"line":23,"column":45}},"line":23},"3":{"name":"(anonymous_3)","decl":{"start":{"line":25,"column":55},"end":{"line":25,"column":56}},"loc":{"start":{"line":25,"column":66},"end":{"line":25,"column":94}},"line":25},"4":{"name":"(anonymous_4)","decl":{"start":{"line":31,"column":21},"end":{"line":31,"column":22}},"loc":{"start":{"line":31,"column":27},"end":{"line":33,"column":3}},"line":31},"5":{"name":"(anonymous_5)","decl":{"start":{"line":35,"column":21},"end":{"line":35,"column":22}},"loc":{"start":{"line":35,"column":28},"end":{"line":39,"column":3}},"line":35},"6":{"name":"(anonymous_6)","decl":{"start":{"line":40,"column":25},"end":{"line":40,"column":26}},"loc":{"start":{"line":40,"column":30},"end":{"line":51,"column":3}},"line":40},"7":{"name":"(anonymous_7)","decl":{"start":{"line":44,"column":12},"end":{"line":44,"column":13}},"loc":{"start":{"line":44,"column":25},"end":{"line":49,"column":7}},"line":44},"8":{"name":"(anonymous_8)","decl":{"start":{"line":50,"column":13},"end":{"line":50,"column":14}},"loc":{"start":{"line":50,"column":24},"end":{"line":50,"column":58}},"line":50},"9":{"name":"(anonymous_9)","decl":{"start":{"line":88,"column":28},"end":{"line":88,"column":29}},"loc":{"start":{"line":88,"column":35},"end":{"line":88,"column":50}},"line":88}},"branchMap":{"0":{"loc":{"start":{"line":27,"column":2},"end":{"line":29,"column":3}},"type":"if","locations":[{"start":{"line":27,"column":2},"end":{"line":29,"column":3}},{"start":{},"end":{}}],"line":27},"1":{"loc":{"start":{"line":45,"column":8},"end":{"line":47,"column":9}},"type":"if","locations":[{"start":{"line":45,"column":8},"end":{"line":47,"column":9}},{"start":{},"end":{}}],"line":45},"2":{"loc":{"start":{"line":45,"column":12},"end":{"line":45,"column":76}},"type":"binary-expr","locations":[{"start":{"line":45,"column":12},"end":{"line":45,"column":20}},{"start":{"line":45,"column":24},"end":{"line":45,"column":76}}],"line":45}},"s":{"0":0,"1":0,"2":0,"3":0,"4":0,"5":0,"6":0,"7":0,"8":0,"9":0,"10":0,"11":0,"12":0,"13":0,"14":0,"15":0,"16":0,"17":0,"18":0,"19":0,"20":0,"21":0,"22":0,"23":0,"24":0,"25":0,"26":0,"27":0,"28":0,"29":0,"30":0,"31":0},"f":{"0":0,"1":0,"2":0,"3":0,"4":0,"5":0,"6":0,"7":0,"8":0,"9":0},"b":{"0":[0,0],"1":[0,0],"2":[0,0]}}
,"/Users/virgile/e-comm-team-techtitans-fn/src/pages/wishli/Wishlist.jsx": {"path":"/Users/virgile/e-comm-team-techtitans-fn/src/pages/wishli/Wishlist.jsx","statementMap":{"0":{"start":{"line":8,"column":21},"end":{"line":55,"column":1}},"1":{"start":{"line":9,"column":19},"end":{"line":9,"column":32}},"2":{"start":{"line":10,"column":19},"end":{"line":10,"column":63}},"3":{"start":{"line":10,"column":42},"end":{"line":10,"column":62}},"4":{"start":{"line":11,"column":20},"end":{"line":11,"column":68}},"5":{"start":{"line":11,"column":43},"end":{"line":11,"column":67}},"6":{"start":{"line":12,"column":16},"end":{"line":12,"column":60}},"7":{"start":{"line":12,"column":39},"end":{"line":12,"column":59}},"8":{"start":{"line":14,"column":2},"end":{"line":16,"column":17}},"9":{"start":{"line":15,"column":4},"end":{"line":15,"column":30}},"10":{"start":{"line":18,"column":2},"end":{"line":54,"column":4}},"11":{"start":{"line":33,"column":20},"end":{"line":41,"column":26}}},"fnMap":{"0":{"name":"(anonymous_0)","decl":{"start":{"line":8,"column":21},"end":{"line":8,"column":22}},"loc":{"start":{"line":8,"column":27},"end":{"line":55,"column":1}},"line":8},"1":{"name":"(anonymous_1)","decl":{"start":{"line":10,"column":31},"end":{"line":10,"column":32}},"loc":{"start":{"line":10,"column":42},"end":{"line":10,"column":62}},"line":10},"2":{"name":"(anonymous_2)","decl":{"start":{"line":11,"column":32},"end":{"line":11,"column":33}},"loc":{"start":{"line":11,"column":43},"end":{"line":11,"column":67}},"line":11},"3":{"name":"(anonymous_3)","decl":{"start":{"line":12,"column":28},"end":{"line":12,"column":29}},"loc":{"start":{"line":12,"column":39},"end":{"line":12,"column":59}},"line":12},"4":{"name":"(anonymous_4)","decl":{"start":{"line":14,"column":12},"end":{"line":14,"column":13}},"loc":{"start":{"line":14,"column":18},"end":{"line":16,"column":3}},"line":14},"5":{"name":"(anonymous_5)","decl":{"start":{"line":32,"column":31},"end":{"line":32,"column":32}},"loc":{"start":{"line":33,"column":20},"end":{"line":41,"column":26}},"line":33}},"branchMap":{"0":{"loc":{"start":{"line":24,"column":11},"end":{"line":48,"column":11}},"type":"cond-expr","locations":[{"start":{"line":25,"column":12},"end":{"line":25,"column":38}},{"start":{"line":26,"column":14},"end":{"line":48,"column":11}}],"line":24},"1":{"loc":{"start":{"line":26,"column":14},"end":{"line":48,"column":11}},"type":"cond-expr","locations":[{"start":{"line":27,"column":12},"end":{"line":27,"column":33}},{"start":{"line":29,"column":12},"end":{"line":47,"column":18}}],"line":26},"2":{"loc":{"start":{"line":31,"column":17},"end":{"line":45,"column":17}},"type":"cond-expr","locations":[{"start":{"line":32,"column":18},"end":{"line":42,"column":20}},{"start":{"line":44,"column":18},"end":{"line":44,"column":48}}],"line":31}},"s":{"0":0,"1":0,"2":0,"3":0,"4":0,"5":0,"6":0,"7":0,"8":0,"9":0,"10":0,"11":0},"f":{"0":0,"1":0,"2":0,"3":0,"4":0,"5":0},"b":{"0":[0,0],"1":[0,0],"2":[0,0]}}
,"/Users/virgile/e-comm-team-techtitans-fn/src/pages/wishli/wishcard.jsx": {"path":"/Users/virgile/e-comm-team-techtitans-fn/src/pages/wishli/wishcard.jsx","statementMap":{"0":{"start":{"line":8,"column":13},"end":{"line":27,"column":1}},"1":{"start":{"line":9,"column":19},"end":{"line":9,"column":32}},"2":{"start":{"line":11,"column":27},"end":{"line":13,"column":3}},"3":{"start":{"line":12,"column":4},"end":{"line":12,"column":45}},"4":{"start":{"line":15,"column":2},"end":{"line":26,"column":4}}},"fnMap":{"0":{"name":"(anonymous_0)","decl":{"start":{"line":8,"column":13},"end":{"line":8,"column":14}},"loc":{"start":{"line":8,"column":77},"end":{"line":27,"column":1}},"line":8},"1":{"name":"(anonymous_1)","decl":{"start":{"line":11,"column":27},"end":{"line":11,"column":28}},"loc":{"start":{"line":11,"column":33},"end":{"line":13,"column":3}},"line":11}},"branchMap":{},"s":{"0":0,"1":0,"2":0,"3":0,"4":0},"f":{"0":0,"1":0},"b":{}}
,"/Users/virgile/e-comm-team-techtitans-fn/src/routes/Demoroute.jsx": {"path":"/Users/virgile/e-comm-team-techtitans-fn/src/routes/Demoroute.jsx","statementMap":{"0":{"start":{"line":4,"column":2},"end":{"line":4,"column":30}}},"fnMap":{"0":{"name":"Demoroute","decl":{"start":{"line":3,"column":9},"end":{"line":3,"column":18}},"loc":{"start":{"line":3,"column":21},"end":{"line":5,"column":1}},"line":3}},"branchMap":{},"s":{"0":0},"f":{"0":0},"b":{}}
,"/Users/virgile/e-comm-team-techtitans-fn/src/routes/index.jsx": {"path":"/Users/virgile/e-comm-team-techtitans-fn/src/routes/index.jsx","statementMap":{"0":{"start":{"line":52,"column":15},"end":{"line":52,"column":48}},"1":{"start":{"line":54,"column":16},"end":{"line":155,"column":1}},"2":{"start":{"line":55,"column":2},"end":{"line":154,"column":4}}},"fnMap":{"0":{"name":"(anonymous_0)","decl":{"start":{"line":54,"column":16},"end":{"line":54,"column":17}},"loc":{"start":{"line":54,"column":22},"end":{"line":155,"column":1}},"line":54}},"branchMap":{},"s":{"0":0,"1":0,"2":0},"f":{"0":0},"b":{}}
,"/Users/virgile/e-comm-team-techtitans-fn/src/stories/ExampleButton.stories.jsx": {"path":"/Users/virgile/e-comm-team-techtitans-fn/src/stories/ExampleButton.stories.jsx","statementMap":{"0":{"start":{"line":9,"column":17},"end":{"line":9,"column":54}},"1":{"start":{"line":9,"column":27},"end":{"line":9,"column":54}},"2":{"start":{"line":11,"column":23},"end":{"line":11,"column":40}},"3":{"start":{"line":12,"column":0},"end":{"line":15,"column":2}}},"fnMap":{"0":{"name":"(anonymous_0)","decl":{"start":{"line":9,"column":17},"end":{"line":9,"column":18}},"loc":{"start":{"line":9,"column":27},"end":{"line":9,"column":54}},"line":9}},"branchMap":{},"s":{"0":0,"1":0,"2":0,"3":0},"f":{"0":0},"b":{}}
,"/Users/virgile/e-comm-team-techtitans-fn/src/utils/apiUtilis.js": {"path":"/Users/virgile/e-comm-team-techtitans-fn/src/utils/apiUtilis.js","statementMap":{"0":{"start":{"line":2,"column":24},"end":{"line":2,"column":69}},"1":{"start":{"line":3,"column":26},"end":{"line":3,"column":71}}},"fnMap":{},"branchMap":{},"s":{"0":0,"1":0},"f":{},"b":{}}
,"/Users/virgile/e-comm-team-techtitans-fn/src/utils/checkPasswordExpiry.js": {"path":"/Users/virgile/e-comm-team-techtitans-fn/src/utils/checkPasswordExpiry.js","statementMap":{"0":{"start":{"line":1,"column":28},"end":{"line":11,"column":1}},"1":{"start":{"line":2,"column":24},"end":{"line":2,"column":34}},"2":{"start":{"line":3,"column":24},"end":{"line":3,"column":45}},"3":{"start":{"line":4,"column":23},"end":{"line":4,"column":53}},"4":{"start":{"line":5,"column":4},"end":{"line":5,"column":51}},"5":{"start":{"line":6,"column":17},"end":{"line":6,"column":61}},"6":{"start":{"line":10,"column":4},"end":{"line":10,"column":16}}},"fnMap":{"0":{"name":"(anonymous_0)","decl":{"start":{"line":1,"column":28},"end":{"line":1,"column":29}},"loc":{"start":{"line":1,"column":54},"end":{"line":11,"column":1}},"line":1}},"branchMap":{},"s":{"0":0,"1":0,"2":0,"3":0,"4":0,"5":0,"6":0},"f":{"0":0},"b":{}}
,"/Users/virgile/e-comm-team-techtitans-fn/src/utils/decodeToken.js": {"path":"/Users/virgile/e-comm-team-techtitans-fn/src/utils/decodeToken.js","statementMap":{"0":{"start":{"line":4,"column":20},"end":{"line":9,"column":1}},"1":{"start":{"line":6,"column":5},"end":{"line":6,"column":42}},"2":{"start":{"line":7,"column":5},"end":{"line":7,"column":47}},"3":{"start":{"line":8,"column":5},"end":{"line":8,"column":20}}},"fnMap":{"0":{"name":"(anonymous_0)","decl":{"start":{"line":4,"column":20},"end":{"line":4,"column":21}},"loc":{"start":{"line":4,"column":33},"end":{"line":9,"column":1}},"line":4}},"branchMap":{"0":{"loc":{"start":{"line":7,"column":15},"end":{"line":7,"column":46}},"type":"cond-expr","locations":[{"start":{"line":7,"column":23},"end":{"line":7,"column":39}},{"start":{"line":7,"column":42},"end":{"line":7,"column":46}}],"line":7}},"s":{"0":0,"1":0,"2":0,"3":0},"f":{"0":0},"b":{"0":[0,0]}}
,"/Users/virgile/e-comm-team-techtitans-fn/src/utils/schemas/email.schema.js": {"path":"/Users/virgile/e-comm-team-techtitans-fn/src/utils/schemas/email.schema.js","statementMap":{"0":{"start":{"line":3,"column":27},"end":{"line":12,"column":2}}},"fnMap":{},"branchMap":{},"s":{"0":0},"f":{},"b":{}}
}
