TN:
SF:src\App.jsx
FN:5,App
FNF:1
FNH:0
FNDA:0,App
DA:6,0
DA:8,0
LF:2
LH:0
BRF:0
BRH:0
end_of_record
TN:
SF:src\main.jsx
FNF:0
FNH:0
DA:7,0
LF:1
LH:0
BRF:0
BRH:0
end_of_record
TN:
SF:src\components\Home.jsx
FN:3,Home
FNF:1
FNH:0
FNDA:0,Home
DA:4,0
LF:1
LH:0
BRF:0
BRH:0
end_of_record
TN:
SF:src\components\Greet\Greet.js
FN:3,(anonymous_0)
FNF:1
FNH:1
FNDA:1,(anonymous_0)
DA:3,1
DA:4,1
LF:2
LH:2
BRF:0
BRH:0
end_of_record
TN:
SF:src\pages\Demopage.jsx
FN:3,Demopage
FNF:1
FNH:0
FNDA:0,Demopage
DA:4,0
LF:1
LH:0
BRF:0
BRH:0
end_of_record
TN:
SF:src\routes\Demoroute.jsx
FN:3,Demoroute
FNF:1
FNH:0
FNDA:0,Demoroute
DA:4,0
LF:1
LH:0
BRF:0
BRH:0
end_of_record
TN:
SF:src\utils\Demoutils.jsx
FN:3,Demoutils
FNF:1
FNH:0
FNDA:0,Demoutils
DA:4,0
LF:1
LH:0
BRF:0
BRH:0
end_of_record
